This is XeTeX, Version 3.141592653-2.6-0.999996 (TeX Live 2024) (preloaded format=xelatex 2025.2.4)  29 SEP 2025 15:56
entering extended mode
 restricted \write18 enabled.
 %&-line parsing enabled.
**main.tex
(./main.tex
LaTeX2e <2023-11-01> patch level 1
L3 programming layer <2024-02-20>
(/usr/local/texlive/2024/texmf-dist/tex/latex/memoir/memoir.cls
Document Class: memoir 2024/01/26 v3.8.2 configurable book, report, article doc
ument class
(/usr/local/texlive/2024/texmf-dist/tex/latex/xpatch/xpatch.sty
(/usr/local/texlive/2024/texmf-dist/tex/latex/l3kernel/expl3.sty
Package: expl3 2024-02-20 L3 programming layer (loader) 

(/usr/local/texlive/2024/texmf-dist/tex/latex/l3backend/l3backend-xetex.def
File: l3backend-xetex.def 2024-02-20 L3 backend support: XeTeX
\g__graphics_track_int=\count184
\l__pdf_internal_box=\box51
\g__pdf_backend_object_int=\count185
\g__pdf_backend_annotation_int=\count186
\g__pdf_backend_link_int=\count187
))
Package: xpatch 2020/03/25 v0.3a Extending etoolbox patching commands

(/usr/local/texlive/2024/texmf-dist/tex/latex/l3packages/xparse/xparse.sty
Package: xparse 2024-02-18 L3 Experimental document command parser
)
(/usr/local/texlive/2024/texmf-dist/tex/latex/etoolbox/etoolbox.sty
Package: etoolbox 2020/10/05 v2.5k e-TeX tools for LaTeX (JAW)
\etb@tempcnta=\count188
))
\onelineskip=\skip48
\lxvchars=\skip49
\xlvchars=\skip50
\@memcnta=\count189
\c@@memmarkcntra=\count190

(/usr/local/texlive/2024/texmf-dist/tex/generic/iftex/iftex.sty
Package: iftex 2022/02/03 v1.0f TeX engine tests
)
\trimtop=\skip51
\trimedge=\skip52

(/usr/local/texlive/2024/texmf-dist/tex/latex/memoir/mem12.clo
File: mem12.clo 2022/07/29 v0.5 memoir class 12pt size option
)
\binding=\skip53
\spinemargin=\skip54
\foremargin=\skip55
\uppermargin=\skip56
\lowermargin=\skip57
\headdrop=\skip58
\normalrulethickness=\skip59
\mem@maxheadheight=\skip60
\mem@maxfootheight=\skip61
\headwidth=\skip62
\c@storedpagenumber=\count191
\memPD=\dimen140
\m@mabparskip=\skip63
\thanksmarkwidth=\skip64
\thanksmarksep=\skip65
\droptitle=\skip66
\c@book=\count192
\c@part=\count193
\c@chapter=\count194
\c@section=\count195
\c@subsection=\count196
\c@subsubsection=\count197
\c@paragraph=\count198
\c@subparagraph=\count199
\beforechapskip=\skip67
\midchapskip=\skip68
\afterchapskip=\skip69
\chapindent=\skip70
\bottomsectionskip=\skip71
\secindent=\skip72
\beforesecskip=\skip73
\aftersecskip=\skip74
\subsecindent=\skip75
\beforesubsecskip=\skip76
\aftersubsecskip=\skip77
\subsubsecindent=\skip78
\beforesubsubsecskip=\skip79
\aftersubsubsecskip=\skip80
\paraindent=\skip81
\beforeparaskip=\skip82
\afterparaskip=\skip83
\subparaindent=\skip84
\beforesubparaskip=\skip85
\aftersubparaskip=\skip86
\pfbreakskip=\skip87
\c@@ppsavesec=\count266
\c@@ppsaveapp=\count267
\ragrparindent=\dimen141
\everylistparindent=\dimen142
\parsepi=\skip88
\topsepi=\skip89
\itemsepi=\skip90
\parsepii=\skip91
\topsepii=\skip92
\topsepiii=\skip93
\itemsepii=\skip94
\itemsepiii=\skip95
\partopsepii=\skip96
\partopsepiii=\skip97
\m@msavetopsep=\skip98
\m@msavepartopsep=\skip99
\@enLab=\toks17
\abstitleskip=\skip100
\absleftindent=\skip101
\abs@leftindent=\dimen143
\absrightindent=\skip102
\absparindent=\skip103
\absparsep=\skip104
\c@vslineno=\count268
\c@poemline=\count269
\c@modulo@vs=\count270
\c@memfvsline=\count271
\vleftskip=\skip105
\vrightskip=\skip106
\stanzaskip=\skip107
\versewidth=\skip108
\vgap=\skip109
\vindent=\skip110
\vleftmargin=\dimen144
\c@verse=\count272
\c@chrsinstr=\count273
\beforepoemtitleskip=\skip111
\afterpoemtitleskip=\skip112
\c@poem=\count274
\beforePoemTitleskip=\skip113
\midPoemTitleskip=\skip114
\afterPoemTitleskip=\skip115

(/usr/local/texlive/2024/texmf-dist/tex/latex/tools/array.sty
Package: array 2023/10/16 v2.5g Tabular extension package (FMi)
\col@sep=\dimen145
\ar@mcellbox=\box52
\extrarowheight=\dimen146
\NC@list=\toks18
\extratabsurround=\skip116
\backup@length=\skip117
\ar@cellbox=\box53
)
(/usr/local/texlive/2024/texmf-dist/tex/latex/tools/dcolumn.sty
Package: dcolumn 2023/07/08 v1.06 decimal alignment package (DPC)
)
(/usr/local/texlive/2024/texmf-dist/tex/latex/tools/delarray.sty
Package: delarray 2014/10/28 v1.01 array delimiter package (DPC)
)
(/usr/local/texlive/2024/texmf-dist/tex/latex/tools/tabularx.sty
Package: tabularx 2023/07/08 v2.11c `tabularx' package (DPC)
\TX@col@width=\dimen147
\TX@old@table=\dimen148
\TX@old@col=\dimen149
\TX@target=\dimen150
\TX@delta=\dimen151
\TX@cols=\count275
\TX@ftn=\toks19
)
(/usr/local/texlive/2024/texmf-dist/tex/latex/booktabs/booktabs.sty
Package: booktabs 2020/01/12 v1.61803398 Publication quality tables
\heavyrulewidth=\dimen152
\lightrulewidth=\dimen153
\cmidrulewidth=\dimen154
\belowrulesep=\dimen155
\belowbottomsep=\dimen156
\aboverulesep=\dimen157
\abovetopsep=\dimen158
\cmidrulesep=\dimen159
\cmidrulekern=\dimen160
\defaultaddspace=\dimen161
\@cmidla=\count276
\@cmidlb=\count277
\@aboverulesep=\dimen162
\@belowrulesep=\dimen163
\@thisruleclass=\count278
\@lastruleclass=\count279
\@thisrulewidth=\dimen164
)
\ctableftskip=\skip118
\ctabrightskip=\skip119
\abovecolumnspenalty=\count280
\@linestogo=\count281
\@cellstogo=\count282
\@cellsincolumn=\count283
\crtok=\toks20
\@mincolumnwidth=\dimen165
\c@newflo@tctr=\count284
\mem@margin@floatbox=\box54
\@contcwidth=\skip120
\@contindw=\skip121
\abovecaptionskip=\skip122
\belowcaptionskip=\skip123
\subfloattopskip=\skip124
\subfloatcapskip=\skip125
\subfloatcaptopadj=\skip126
\subfloatbottomskip=\skip127
\subfloatlabelskip=\skip128
\subfloatcapmargin=\dimen166
\c@@contsubnum=\count285
\m@mscap@capbox=\box55
\m@mscap@fbox=\box56
\sidecapsep=\dimen167
\sidecapwidth=\dimen168
\m@m@tempdima=\dimen169
\m@mscapraise=\dimen170
\sidecapraise=\dimen171
\m@mscapmainwidth=\dimen172
\m@mscaplkern=\dimen173
\beforeepigraphskip=\skip129
\afterepigraphskip=\skip130
\epigraphwidth=\skip131
\epigraphrule=\skip132
LaTeX Info: Redefining \em on input line 6932.
LaTeX Info: Redefining \emph on input line 6940.

(/usr/local/texlive/2024/texmf-dist/tex/latex/hyperref/nameref.sty
Package: nameref 2023-11-26 v2.56 Cross-referencing by name of section

(/usr/local/texlive/2024/texmf-dist/tex/latex/refcount/refcount.sty
Package: refcount 2019/12/15 v3.6 Data extraction from label references (HO)

(/usr/local/texlive/2024/texmf-dist/tex/generic/ltxcmds/ltxcmds.sty
Package: ltxcmds 2023-12-04 v1.26 LaTeX kernel commands for general use (HO)
)
(/usr/local/texlive/2024/texmf-dist/tex/generic/infwarerr/infwarerr.sty
Package: infwarerr 2019/12/03 v1.5 Providing info/warning/error messages (HO)
))
(/usr/local/texlive/2024/texmf-dist/tex/generic/gettitlestring/gettitlestring.s
ty
Package: gettitlestring 2019/12/15 v1.6 Cleanup title references (HO)
 (/usr/local/texlive/2024/texmf-dist/tex/latex/kvoptions/kvoptions.sty
Package: kvoptions 2022-06-15 v3.15 Key value format for package options (HO)

(/usr/local/texlive/2024/texmf-dist/tex/latex/graphics/keyval.sty
Package: keyval 2022/05/29 v1.15 key=value parser (DPC)
\KV@toks@=\toks21
)
(/usr/local/texlive/2024/texmf-dist/tex/latex/kvsetkeys/kvsetkeys.sty
Package: kvsetkeys 2022-10-05 v1.19 Key value parser (HO)
)))
\c@section@level=\count286
)
\tocentryskip=\skip133
\tocbaseline=\skip134
\cftparskip=\skip135
\cftbeforebookskip=\skip136
\cftbookindent=\dimen174
\cftbooknumwidth=\dimen175
\cftbeforepartskip=\skip137
\cftpartindent=\skip138
\cftpartnumwidth=\skip139
\cftbeforechapterskip=\skip140
\cftchapterindent=\skip141
\cftchapternumwidth=\skip142
\cftbeforesectionskip=\skip143
\cftsectionindent=\skip144
\cftsectionnumwidth=\skip145
\cftbeforesubsectionskip=\skip146
\cftsubsectionindent=\skip147
\cftsubsectionnumwidth=\skip148
\cftbeforesubsubsectionskip=\skip149
\cftsubsubsectionindent=\skip150
\cftsubsubsectionnumwidth=\skip151
\cftbeforeparagraphskip=\skip152
\cftparagraphindent=\skip153
\cftparagraphnumwidth=\skip154
\cftbeforesubparagraphskip=\skip155
\cftsubparagraphindent=\skip156
\cftsubparagraphnumwidth=\skip157
\prechapterprecisshift=\dimen176
\c@maxsecnumdepth=\count287
\bibindent=\dimen177
\bibitemsep=\skip158
\indexcolsep=\skip159
\indexrule=\skip160
\indexmarkstyle=\toks22
\@indexbox=\insert252
LaTeX Info: Redefining \raggedbottom on input line 7935.
LaTeX Info: Redefining \flushbottom on input line 7939.
\glossarycolsep=\dimen178
\glossaryrule=\dimen179
\sideparvshift=\skip161
\sideins=\insert251
\sidebartopsep=\skip162
\sidebarhsep=\skip163
\sidebarvsep=\skip164
\sidebarwidth=\skip165
\footmarkwidth=\skip166
\footmarksep=\skip167
\footparindent=\skip168
\footinsdim=\skip169
\footinsv@r=\insert250
\@mpfootinsv@r=\insert249
\m@m@k=\count288
\m@m@h=\dimen180
\m@mipn@skip=\skip170
\sidefootins=\insert248
\sidefootadjust=\skip171
\sidefootheight=\skip172
\sidefoothsep=\skip173
\sidefootvsep=\skip174
\sidefootwidth=\skip175
\m@mdownsf=\skip176
\c@sidefootnote=\count289
\sidefootmarkwidth=\skip177
\sidefootmarksep=\skip178
\sidefootparindent=\skip179
\c@pagenote=\count290
\c@pagenoteshadow=\count291
\mem@pn@lastkern=\skip180

(/usr/local/texlive/2024/texmf-dist/tex/latex/tools/verbatim.sty
Package: verbatim 2023-11-06 v1.5v LaTeX2e package for verbatim enhancements
\every@verbatim=\toks23
\verbatim@line=\toks24
\verbatim@in@stream=\read2
)
\verbatimindent=\skip181
\verbatim@out=\write3

(/usr/local/texlive/2024/texmf-dist/tex/latex/base/shortvrb.sty
Package: shortvrb 2022/11/13 v3.0m Standard LaTeX documentation package V3 (FMi
)
)
\bvboxsep=\skip182
\c@memfbvline=\count292
\c@bvlinectr=\count293
\bvnumlength=\skip183
\fb@frw=\dimen181
\fb@frh=\dimen182
\FrameRule=\dimen183
\FrameSep=\dimen184
\c@cp@cntr=\count294
\c@ism@mctr=\count295
\c@xsm@mctr=\count296
\c@csm@mctr=\count297
\c@ksm@mctr=\count298
\c@xksm@mctr=\count299
\c@cksm@mctr=\count300
\c@msm@mctr=\count301
\c@xmsm@mctr=\count302
\c@cmsm@mctr=\count303
\c@bsm@mctr=\count304
\c@workm@mctr=\count305
\c@sheetsequence=\count306
\c@lastsheet=\count307
\c@lastpage=\count308

(/usr/local/texlive/2024/texmf-dist/tex/latex/textcase/textcase.sty
Package: textcase 2023/07/27 v1.04 Text only upper/lower case changing (DPC)
Package textcase Info: Defining Legacy names on input line 20.
)
\c@figure=\count309
\c@lofdepth=\count310
\cftbeforefigureskip=\skip184
\cftfigureindent=\skip185
\cftfigurenumwidth=\skip186
\c@table=\count311
\c@lotdepth=\count312
\cftbeforetableskip=\skip187
\cfttableindent=\skip188
\cfttablenumwidth=\skip189
Package abstract [2008/07/23] emulated by memoir.
Package appendix [2008/07/23] emulated by memoir.
Package ccaption [2008/07/23] emulated by memoir.
Package changepage [2008/07/23] emulated by memoir.
Package chngcntr [2008/07/23] emulated by memoir.
Package chngpage [2008/07/23] emulated by memoir.
Package crop emulated by memoir.
Package enumerate [2008/07/23] emulated by memoir.
Package epigraph [2008/07/23] emulated by memoir.
Package ifmtarg [2008/07/23] emulated by memoir.
Package index [2008/07/23] emulated by memoir.
Package makeidx [2008/07/23] emulated by memoir.
Package moreverb [2008/07/23] emulated by memoir.
Package needspace [2008/07/23] emulated by memoir.
Package newfile [2008/07/23] emulated by memoir.
Package nextpage [2008/07/23] emulated by memoir.
Package pagenote [2008/07/23] emulated by memoir.
Package parskip [2008/07/23] emulated by memoir.
Package patchcmd [2008/07/23] emulated by memoir.
Package setspace [2008/07/23] emulated by memoir.
Package shortvrb [2008/07/23] emulated by memoir.
Package showidx [2008/07/23] emulated by memoir.
Package titleref [2008/07/23] emulated by memoir.
Package titling [2008/07/23] emulated by memoir.
Package tocbibind [2008/07/23] emulated by memoir.
Package tocloft [2008/07/23] emulated by memoir.
Package tocvsec2 [2008/07/23] emulated by memoir.
Package verbatim [2008/07/23] emulated by memoir.
Package verse [2008/07/23] emulated by memoir.
)
(/usr/local/texlive/2024/texmf-dist/tex/latex/graphics/graphicx.sty
Package: graphicx 2021/09/16 v1.2d Enhanced LaTeX Graphics (DPC,SPQR)

(/usr/local/texlive/2024/texmf-dist/tex/latex/graphics/graphics.sty
Package: graphics 2022/03/10 v1.4e Standard LaTeX Graphics (DPC,SPQR)

(/usr/local/texlive/2024/texmf-dist/tex/latex/graphics/trig.sty
Package: trig 2021/08/11 v1.11 sin cos tan (DPC)
)
(/usr/local/texlive/2024/texmf-dist/tex/latex/graphics-cfg/graphics.cfg
File: graphics.cfg 2016/06/04 v1.11 sample graphics configuration
)
Package graphics Info: Driver file: xetex.def on input line 107.

(/usr/local/texlive/2024/texmf-dist/tex/latex/graphics-def/xetex.def
File: xetex.def 2022/09/22 v5.0n Graphics/color driver for xetex
))
\Gin@req@height=\dimen185
\Gin@req@width=\dimen186
)
(/usr/local/texlive/2024/texmf-dist/tex/latex/tools/afterpage.sty
Package: afterpage 2023/07/04 v1.08 After-Page Package (DPC)
\AP@output=\toks25
\AP@partial=\box57
\AP@footins=\box58
)
(/usr/local/texlive/2024/texmf-dist/tex/latex/fontspec/fontspec.sty
Package: fontspec 2024/02/13 v2.9a Font selection for XeLaTeX and LuaLaTeX

(/usr/local/texlive/2024/texmf-dist/tex/latex/fontspec/fontspec-xetex.sty
Package: fontspec-xetex 2024/02/13 v2.9a Font selection for XeLaTeX and LuaLaTe
X
\l__fontspec_script_int=\count313
\l__fontspec_language_int=\count314
\l__fontspec_strnum_int=\count315
\l__fontspec_tmp_int=\count316
\l__fontspec_tmpa_int=\count317
\l__fontspec_tmpb_int=\count318
\l__fontspec_tmpc_int=\count319
\l__fontspec_em_int=\count320
\l__fontspec_emdef_int=\count321
\l__fontspec_strong_int=\count322
\l__fontspec_strongdef_int=\count323
\l__fontspec_tmpa_dim=\dimen187
\l__fontspec_tmpb_dim=\dimen188
\l__fontspec_tmpc_dim=\dimen189

(/usr/local/texlive/2024/texmf-dist/tex/latex/base/fontenc.sty
Package: fontenc 2021/04/29 v2.0v Standard LaTeX package
)
(/usr/local/texlive/2024/texmf-dist/tex/latex/fontspec/fontspec.cfg)))

Package fontspec Info: Font family 'TeXGyreTermes(0)' created for font 'TeX
(fontspec)             Gyre Termes' with options
(fontspec)             [Mapping=tex-text,Ligatures=TeX].
(fontspec)              
(fontspec)              This font family consists of the following NFSS
(fontspec)             series/shapes:
(fontspec)              
(fontspec)             - 'normal' (m/n) with NFSS spec.: <->"TeX Gyre
(fontspec)             Termes/OT:script=latn;language=dflt;mapping=tex-text;"
(fontspec)             - 'small caps'  (m/sc) with NFSS spec.: <->"TeX Gyre
(fontspec)             Termes/OT:script=latn;language=dflt;+smcp;mapping=tex-te
xt;"
(fontspec)             - 'bold' (b/n) with NFSS spec.: <->"TeX Gyre
(fontspec)             Termes/B/OT:script=latn;language=dflt;mapping=tex-text;"

(fontspec)             - 'bold small caps'  (b/sc) with NFSS spec.: <->"TeX
(fontspec)             Gyre
(fontspec)             Termes/B/OT:script=latn;language=dflt;+smcp;mapping=tex-
text;"
(fontspec)             - 'italic' (m/it) with NFSS spec.: <->"TeX Gyre
(fontspec)             Termes/I/OT:script=latn;language=dflt;mapping=tex-text;"

(fontspec)             - 'italic small caps'  (m/scit) with NFSS spec.:
(fontspec)             <->"TeX Gyre
(fontspec)             Termes/I/OT:script=latn;language=dflt;+smcp;mapping=tex-
text;"
(fontspec)             - 'bold italic' (b/it) with NFSS spec.: <->"TeX Gyre
(fontspec)             Termes/BI/OT:script=latn;language=dflt;mapping=tex-text;
"
(fontspec)             - 'bold italic small caps'  (b/scit) with NFSS spec.:
(fontspec)             <->"TeX Gyre
(fontspec)             Termes/BI/OT:script=latn;language=dflt;+smcp;mapping=tex
-text;"


Package fontspec Info: Font family 'TeXGyreHeros(0)' created for font 'TeX
(fontspec)             Gyre Heros' with options
(fontspec)             [Mapping=tex-text,Ligatures=TeX].
(fontspec)              
(fontspec)              This font family consists of the following NFSS
(fontspec)             series/shapes:
(fontspec)              
(fontspec)             - 'normal' (m/n) with NFSS spec.: <->"TeX Gyre
(fontspec)             Heros/OT:script=latn;language=dflt;mapping=tex-text;"
(fontspec)             - 'small caps'  (m/sc) with NFSS spec.: <->"TeX Gyre
(fontspec)             Heros/OT:script=latn;language=dflt;+smcp;mapping=tex-tex
t;"
(fontspec)             - 'bold' (b/n) with NFSS spec.: <->"TeX Gyre
(fontspec)             Heros/B/OT:script=latn;language=dflt;mapping=tex-text;"
(fontspec)             - 'bold small caps'  (b/sc) with NFSS spec.: <->"TeX
(fontspec)             Gyre
(fontspec)             Heros/B/OT:script=latn;language=dflt;+smcp;mapping=tex-t
ext;"
(fontspec)             - 'italic' (m/it) with NFSS spec.: <->"TeX Gyre
(fontspec)             Heros/I/OT:script=latn;language=dflt;mapping=tex-text;"
(fontspec)             - 'italic small caps'  (m/scit) with NFSS spec.:
(fontspec)             <->"TeX Gyre
(fontspec)             Heros/I/OT:script=latn;language=dflt;+smcp;mapping=tex-t
ext;"
(fontspec)             - 'bold italic' (b/it) with NFSS spec.: <->"TeX Gyre
(fontspec)             Heros/BI/OT:script=latn;language=dflt;mapping=tex-text;"

(fontspec)             - 'bold italic small caps'  (b/scit) with NFSS spec.:
(fontspec)             <->"TeX Gyre
(fontspec)             Heros/BI/OT:script=latn;language=dflt;+smcp;mapping=tex-
text;"


Package fontspec Info: Font family 'TeXGyreCursor(0)' created for font 'TeX
(fontspec)             Gyre Cursor' with options
(fontspec)             [Mapping=tex-text,WordSpace={1,0,0},HyphenChar=None,Punc
tuationSpace=WordSpace].
(fontspec)              
(fontspec)              This font family consists of the following NFSS
(fontspec)             series/shapes:
(fontspec)              
(fontspec)             - 'normal' (m/n) with NFSS spec.: <->"TeX Gyre
(fontspec)             Cursor/OT:script=latn;language=dflt;mapping=tex-text;"
(fontspec)             - 'small caps'  (m/sc) with NFSS spec.: <->"TeX Gyre
(fontspec)             Cursor/OT:script=latn;language=dflt;+smcp;mapping=tex-te
xt;"
(fontspec)             and font adjustment code:
(fontspec)             \fontdimen 2\font =1\fontdimen 2\font \fontdimen 3\font
(fontspec)             =0\fontdimen 3\font \fontdimen 4\font =0\fontdimen
(fontspec)             4\font \fontdimen 7\font =0\fontdimen 2\font
(fontspec)             \tex_hyphenchar:D \font =-1\scan_stop: 
(fontspec)             - 'bold' (b/n) with NFSS spec.: <->"TeX Gyre
(fontspec)             Cursor/B/OT:script=latn;language=dflt;mapping=tex-text;"

(fontspec)             - 'bold small caps'  (b/sc) with NFSS spec.: <->"TeX
(fontspec)             Gyre
(fontspec)             Cursor/B/OT:script=latn;language=dflt;+smcp;mapping=tex-
text;"
(fontspec)             and font adjustment code:
(fontspec)             \fontdimen 2\font =1\fontdimen 2\font \fontdimen 3\font
(fontspec)             =0\fontdimen 3\font \fontdimen 4\font =0\fontdimen
(fontspec)             4\font \fontdimen 7\font =0\fontdimen 2\font
(fontspec)             \tex_hyphenchar:D \font =-1\scan_stop: 
(fontspec)             - 'italic' (m/it) with NFSS spec.: <->"TeX Gyre
(fontspec)             Cursor/I/OT:script=latn;language=dflt;mapping=tex-text;"

(fontspec)             - 'italic small caps'  (m/scit) with NFSS spec.:
(fontspec)             <->"TeX Gyre
(fontspec)             Cursor/I/OT:script=latn;language=dflt;+smcp;mapping=tex-
text;"
(fontspec)             and font adjustment code:
(fontspec)             \fontdimen 2\font =1\fontdimen 2\font \fontdimen 3\font
(fontspec)             =0\fontdimen 3\font \fontdimen 4\font =0\fontdimen
(fontspec)             4\font \fontdimen 7\font =0\fontdimen 2\font
(fontspec)             \tex_hyphenchar:D \font =-1\scan_stop: 
(fontspec)             - 'bold italic' (b/it) with NFSS spec.: <->"TeX Gyre
(fontspec)             Cursor/BI/OT:script=latn;language=dflt;mapping=tex-text;
"
(fontspec)             - 'bold italic small caps'  (b/scit) with NFSS spec.:
(fontspec)             <->"TeX Gyre
(fontspec)             Cursor/BI/OT:script=latn;language=dflt;+smcp;mapping=tex
-text;"
(fontspec)             and font adjustment code:
(fontspec)             \fontdimen 2\font =1\fontdimen 2\font \fontdimen 3\font
(fontspec)             =0\fontdimen 3\font \fontdimen 4\font =0\fontdimen
(fontspec)             4\font \fontdimen 7\font =0\fontdimen 2\font
(fontspec)             \tex_hyphenchar:D \font =-1\scan_stop: 


Package fontspec Info: Laksaman scale = 0.9245782623289118.


Package fontspec Info: Laksaman scale = 0.9245782623289118.


Package fontspec Info: Laksaman/B scale = 0.9245782623289118.


Package fontspec Info: Laksaman/I scale = 0.9245782623289118.


Package fontspec Info: Laksaman/BI scale = 0.9245782623289118.


Package fontspec Info: Font family 'Laksaman(0)' created for font 'Laksaman'
(fontspec)             with options
(fontspec)             [Mapping=tex-text,Scale=MatchUppercase,Mapping=tex-text]
.
(fontspec)              
(fontspec)              This font family consists of the following NFSS
(fontspec)             series/shapes:
(fontspec)              
(fontspec)             - 'normal' (m/n) with NFSS spec.:
(fontspec)             <->s*[0.9245782623289118]"Laksaman/OT:script=latn;langua
ge=dflt;mapping=tex-text;"
(fontspec)             - 'small caps'  (m/sc) with NFSS spec.: 
(fontspec)             - 'bold' (b/n) with NFSS spec.:
(fontspec)             <->s*[0.9245782623289118]"Laksaman/B/OT:script=latn;lang
uage=dflt;mapping=tex-text;"
(fontspec)             - 'bold small caps'  (b/sc) with NFSS spec.: 
(fontspec)             - 'italic' (m/it) with NFSS spec.:
(fontspec)             <->s*[0.9245782623289118]"Laksaman/I/OT:script=latn;lang
uage=dflt;mapping=tex-text;"
(fontspec)             - 'italic small caps'  (m/scit) with NFSS spec.: 
(fontspec)             - 'bold italic' (b/it) with NFSS spec.:
(fontspec)             <->s*[0.9245782623289118]"Laksaman/BI/OT:script=latn;lan
guage=dflt;mapping=tex-text;"
(fontspec)             - 'bold italic small caps'  (b/scit) with NFSS spec.: 


(/usr/local/texlive/2024/texmf-dist/tex/xelatex/ucharclasses/ucharclasses.sty
Package: ucharclasses 2022/10/20 v2.6.0 Unicode block character classes for XeL
aTeX

(/usr/local/texlive/2024/texmf-dist/tex/generic/iftex/ifxetex.sty
Package: ifxetex 2019/10/25 v0.7 ifxetex legacy package. Use iftex instead.
)
\AlphabeticPresentationFormsClass=\XeTeXcharclass1
\BasicLatinClass=\XeTeXcharclass2
\LatinExtendedAdditionalClass=\XeTeXcharclass3
\LatinExtendedAClass=\XeTeXcharclass4
\LatinExtendedBClass=\XeTeXcharclass5
\LatinExtendedCClass=\XeTeXcharclass6
\LatinExtendedDClass=\XeTeXcharclass7
\LatinSupplementClass=\XeTeXcharclass8
\ThaiClass=\XeTeXcharclass9
\LatinExtendedEClass=\XeTeXcharclass10
\LatinExtendedFClass=\XeTeXcharclass11
\LatinExtendedGClass=\XeTeXcharclass12
)
(/usr/local/texlive/2024/texmf-dist/tex/latex/polyglossia/polyglossia.sty
Package: polyglossia 2024/03/07 v2.1 Modern multilingual typesetting with XeLaT
eX and LuaLaTeX

(/usr/local/texlive/2024/texmf-dist/tex/latex/xkeyval/xkeyval.sty
Package: xkeyval 2022/06/16 v2.9 package option processing (HA)

(/usr/local/texlive/2024/texmf-dist/tex/generic/xkeyval/xkeyval.tex
(/usr/local/texlive/2024/texmf-dist/tex/generic/xkeyval/xkvutils.tex
\XKV@toks=\toks26
\XKV@tempa@toks=\toks27
)
\XKV@depth=\count324
File: xkeyval.tex 2014/12/03 v2.7a key=value parser (HA)
))
(/usr/local/texlive/2024/texmf-dist/tex/latex/polyglossia/gloss-latex.ldf
File: gloss-latex.ldf polyglossia: module for default language
)
Package polyglossia Info: Default language is latex.
)
(/usr/local/texlive/2024/texmf-dist/tex/latex/polyglossia/gloss-english.ldf
File: gloss-english.ldf polyglossia: module for English
Package polyglossia Info: Option: English, variant=american.
)
Package polyglossia Info: Default language is english.

(/usr/local/texlive/2024/texmf-dist/tex/latex/polyglossia/gloss-thai.ldf
File: gloss-thai.ldf polyglossia: module for Thai
)
(/usr/local/texlive/2024/texmf-dist/tex/latex/setspace/setspace.sty
Package: setspace 2022/12/04 v6.7b set line spacing
)
(/usr/local/texlive/2024/texmf-dist/tex/latex/url/url.sty
\Urlmuskip=\muskip16
Package: url 2013/09/16  ver 3.4  Verb mode for urls, etc.
)
(/usr/local/texlive/2024/texmf-dist/tex/latex/listings/listings.sty
\lst@mode=\count325
\lst@gtempboxa=\box59
\lst@token=\toks28
\lst@length=\count326
\lst@currlwidth=\dimen190
\lst@column=\count327
\lst@pos=\count328
\lst@lostspace=\dimen191
\lst@width=\dimen192
\lst@newlines=\count329
\lst@lineno=\count330
\lst@maxwidth=\dimen193

(/usr/local/texlive/2024/texmf-dist/tex/latex/listings/lstpatch.sty
File: lstpatch.sty 2024/02/21 1.10 (Carsten Heinz)
)
(/usr/local/texlive/2024/texmf-dist/tex/latex/listings/lstmisc.sty
File: lstmisc.sty 2024/02/21 1.10 (Carsten Heinz)
\c@lstnumber=\count331
\lst@skipnumbers=\count332
\lst@framebox=\box60
)
(/usr/local/texlive/2024/texmf-dist/tex/latex/listings/listings.cfg
File: listings.cfg 2024/02/21 1.10 listings configuration
))
Package: listings 2024/02/21 1.10 (Carsten Heinz)

(/usr/local/texlive/2024/texmf-dist/tex/generic/ulem/ulem.sty
\UL@box=\box61
\UL@hyphenbox=\box62
\UL@skip=\skip190
\UL@hook=\toks29
\UL@height=\dimen194
\UL@pe=\count333
\UL@pixel=\dimen195
\ULC@box=\box63
Package: ulem 2019/11/18
\ULdepth=\dimen196
)
(/usr/local/texlive/2024/texmf-dist/tex/latex/tools/multicol.sty
Package: multicol 2023/03/30 v1.9f multicolumn formatting (FMi)
\c@tracingmulticols=\count334
\mult@box=\box64
\multicol@leftmargin=\dimen197
\c@unbalance=\count335
\c@collectmore=\count336
\doublecol@number=\count337
\multicoltolerance=\count338
\multicolpretolerance=\count339
\full@width=\dimen198
\page@free=\dimen199
\premulticols=\dimen256
\postmulticols=\dimen257
\multicolsep=\skip191
\multicolbaselineskip=\skip192
\partial@page=\box65
\last@line=\box66
\mc@boxedresult=\box67
\maxbalancingoverflow=\dimen258
\mult@rightbox=\box68
\mult@grightbox=\box69
\mult@firstbox=\box70
\mult@gfirstbox=\box71
\@tempa=\box72
\@tempa=\box73
\@tempa=\box74
\@tempa=\box75
\@tempa=\box76
\@tempa=\box77
\@tempa=\box78
\@tempa=\box79
\@tempa=\box80
\@tempa=\box81
\@tempa=\box82
\@tempa=\box83
\@tempa=\box84
\@tempa=\box85
\@tempa=\box86
\@tempa=\box87
\@tempa=\box88
\@tempa=\box89
\@tempa=\box90
\@tempa=\box91
\@tempa=\box92
\@tempa=\box93
\@tempa=\box94
\@tempa=\box95
\@tempa=\box96
\@tempa=\box97
\@tempa=\box98
\@tempa=\box99
\@tempa=\box100
\@tempa=\box101
\@tempa=\box102
\@tempa=\box103
\@tempa=\box104
\@tempa=\box105
\@tempa=\box106
\@tempa=\box107
\c@minrows=\count340
\c@columnbadness=\count341
\c@finalcolumnbadness=\count342
\last@try=\dimen259
\multicolovershoot=\dimen260
\multicolundershoot=\dimen261
\mult@nat@firstbox=\box108
\colbreak@box=\box109
\mc@col@check@num=\count343
)
(/usr/local/texlive/2024/texmf-dist/tex/latex/enumitem/enumitem.sty
Package: enumitem 2019/06/20 v3.9 Customized lists
\labelindent=\skip193
\enit@outerparindent=\dimen262
\enit@toks=\toks30
\enit@inbox=\box110
\enit@count@id=\count344
\enitdp@description=\count345
)
(/usr/local/texlive/2024/texmf-dist/tex/latex/caption/subcaption.sty
Package: subcaption 2023/07/28 v1.6b Sub-captions (AR)

(/usr/local/texlive/2024/texmf-dist/tex/latex/caption/caption.sty
Package: caption 2023/08/05 v3.6o Customizing captions (AR)

(/usr/local/texlive/2024/texmf-dist/tex/latex/caption/caption3.sty
Package: caption3 2023/07/31 v2.4d caption3 kernel (AR)
\caption@tempdima=\dimen263
\captionmargin=\dimen264
\caption@leftmargin=\dimen265
\caption@rightmargin=\dimen266
\caption@width=\dimen267
\caption@indent=\dimen268
\caption@parindent=\dimen269
\caption@hangindent=\dimen270
Package caption Info: memoir document class detected.

(/usr/local/texlive/2024/texmf-dist/tex/latex/caption/caption-memoir.sto
File: caption-memoir.sto 2023/09/08 v2.2c Adaption of the caption package to th
e memoir document class (AR)
))
\c@caption@flags=\count346
\c@continuedfloat=\count347
Package caption Info: changepage package is loaded.
\caption@adjustwidth@hsize=\dimen271
\caption@adjustwidth@linewidth=\dimen272
Package caption Info: listings package is loaded.
)
Package caption Info: New subtype `subfigure' on input line 238.
\c@subfigure=\count348
Package caption Info: New subtype `subtable' on input line 238.
\c@subtable=\count349
)
(/usr/local/texlive/2024/texmf-dist/tex/latex/natbib/natbib.sty
Package: natbib 2010/09/13 8.31b (PWD, AO)
\bibhang=\skip194
\bibsep=\skip195
LaTeX Info: Redefining \cite on input line 694.
\c@NAT@ctr=\count350
)
(/usr/local/texlive/2024/texmf-dist/tex/latex/amsmath/amsmath.sty
Package: amsmath 2023/05/13 v2.17o AMS math features
\@mathmargin=\skip196

For additional information on amsmath, use the `?' option.
(/usr/local/texlive/2024/texmf-dist/tex/latex/amsmath/amstext.sty
Package: amstext 2021/08/26 v2.01 AMS text

(/usr/local/texlive/2024/texmf-dist/tex/latex/amsmath/amsgen.sty
File: amsgen.sty 1999/11/30 v2.0 generic functions
\@emptytoks=\toks31
\ex@=\dimen273
))
(/usr/local/texlive/2024/texmf-dist/tex/latex/amsmath/amsbsy.sty
Package: amsbsy 1999/11/29 v1.2d Bold Symbols
\pmbraise@=\dimen274
)
(/usr/local/texlive/2024/texmf-dist/tex/latex/amsmath/amsopn.sty
Package: amsopn 2022/04/08 v2.04 operator names
)
\inf@bad=\count351
LaTeX Info: Redefining \frac on input line 234.
\uproot@=\count352
\leftroot@=\count353
LaTeX Info: Redefining \overline on input line 399.
LaTeX Info: Redefining \colon on input line 410.
\classnum@=\count354
\DOTSCASE@=\count355
LaTeX Info: Redefining \ldots on input line 496.
LaTeX Info: Redefining \dots on input line 499.
LaTeX Info: Redefining \cdots on input line 620.
\Mathstrutbox@=\box111
\strutbox@=\box112
LaTeX Info: Redefining \big on input line 722.
LaTeX Info: Redefining \Big on input line 723.
LaTeX Info: Redefining \bigg on input line 724.
LaTeX Info: Redefining \Bigg on input line 725.
\big@size=\dimen275
LaTeX Font Info:    Redeclaring font encoding OML on input line 743.
LaTeX Font Info:    Redeclaring font encoding OMS on input line 744.
\macc@depth=\count356
LaTeX Info: Redefining \bmod on input line 905.
LaTeX Info: Redefining \pmod on input line 910.
LaTeX Info: Redefining \smash on input line 940.
LaTeX Info: Redefining \relbar on input line 970.
LaTeX Info: Redefining \Relbar on input line 971.
\c@MaxMatrixCols=\count357
\dotsspace@=\muskip17
\c@parentequation=\count358
\dspbrk@lvl=\count359
\tag@help=\toks32
\row@=\count360
\column@=\count361
\maxfields@=\count362
\andhelp@=\toks33
\eqnshift@=\dimen276
\alignsep@=\dimen277
\tagshift@=\dimen278
\tagwidth@=\dimen279
\totwidth@=\dimen280
\lineht@=\dimen281
\@envbody=\toks34
\multlinegap=\skip197
\multlinetaggap=\skip198
\mathdisplay@stack=\toks35
LaTeX Info: Redefining \[ on input line 2953.
LaTeX Info: Redefining \] on input line 2954.
)
(/usr/local/texlive/2024/texmf-dist/tex/latex/amsfonts/amssymb.sty
Package: amssymb 2013/01/14 v3.01 AMS font symbols

(/usr/local/texlive/2024/texmf-dist/tex/latex/amsfonts/amsfonts.sty
Package: amsfonts 2013/01/14 v3.01 Basic AMSFonts support
\symAMSa=\mathgroup4
\symAMSb=\mathgroup5
LaTeX Font Info:    Redeclaring math symbol \hbar on input line 98.
LaTeX Font Info:    Overwriting math alphabet `\mathfrak' in version `bold'
(Font)                  U/euf/m/n --> U/euf/b/n on input line 106.
))
(/usr/local/texlive/2024/texmf-dist/tex/latex/hyperref/hyperref.sty
Package: hyperref 2024-01-20 v7.01h Hypertext links for LaTeX

(/usr/local/texlive/2024/texmf-dist/tex/generic/kvdefinekeys/kvdefinekeys.sty
Package: kvdefinekeys 2019-12-19 v1.6 Define keys (HO)
)
(/usr/local/texlive/2024/texmf-dist/tex/generic/pdfescape/pdfescape.sty
Package: pdfescape 2019/12/09 v1.15 Implements pdfTeX's escape features (HO)

(/usr/local/texlive/2024/texmf-dist/tex/generic/pdftexcmds/pdftexcmds.sty
Package: pdftexcmds 2020-06-27 v0.33 Utility functions of pdfTeX for LuaTeX (HO
)
Package pdftexcmds Info: \pdf@primitive is available.
Package pdftexcmds Info: \pdf@ifprimitive is available.
Package pdftexcmds Info: \pdfdraftmode not found.
))
(/usr/local/texlive/2024/texmf-dist/tex/latex/hycolor/hycolor.sty
Package: hycolor 2020-01-27 v1.10 Color options for hyperref/bookmark (HO)
)
(/usr/local/texlive/2024/texmf-dist/tex/latex/auxhook/auxhook.sty
Package: auxhook 2019-12-17 v1.6 Hooks for auxiliary files (HO)
)
\@linkdim=\dimen282
\Hy@linkcounter=\count363
\Hy@pagecounter=\count364

(/usr/local/texlive/2024/texmf-dist/tex/latex/hyperref/pd1enc.def
File: pd1enc.def 2024-01-20 v7.01h Hyperref: PDFDocEncoding definition (HO)
)
(/usr/local/texlive/2024/texmf-dist/tex/generic/intcalc/intcalc.sty
Package: intcalc 2019/12/15 v1.3 Expandable calculations with integers (HO)
)
\Hy@SavedSpaceFactor=\count365

(/usr/local/texlive/2024/texmf-dist/tex/latex/hyperref/puenc.def
File: puenc.def 2024-01-20 v7.01h Hyperref: PDF Unicode definition (HO)
)
Package hyperref Info: Hyper figures OFF on input line 4179.
Package hyperref Info: Link nesting OFF on input line 4184.
Package hyperref Info: Hyper index ON on input line 4187.
Package hyperref Info: Plain pages OFF on input line 4194.
Package hyperref Info: Backreferencing OFF on input line 4199.
Package hyperref Info: Implicit mode ON; LaTeX internals redefined.
Package hyperref Info: Bookmarks ON on input line 4446.
\c@Hy@tempcnt=\count366
LaTeX Info: Redefining \url on input line 4784.
\XeTeXLinkMargin=\dimen283

(/usr/local/texlive/2024/texmf-dist/tex/generic/bitset/bitset.sty
Package: bitset 2019/12/09 v1.3 Handle bit-vector datatype (HO)

(/usr/local/texlive/2024/texmf-dist/tex/generic/bigintcalc/bigintcalc.sty
Package: bigintcalc 2019/12/15 v1.5 Expandable calculations on big integers (HO
)
))
\Fld@menulength=\count367
\Field@Width=\dimen284
\Fld@charsize=\dimen285
Package hyperref Info: Hyper figures OFF on input line 6063.
Package hyperref Info: Link nesting OFF on input line 6068.
Package hyperref Info: Hyper index ON on input line 6071.
Package hyperref Info: backreferencing OFF on input line 6078.
Package hyperref Info: Link coloring OFF on input line 6083.
Package hyperref Info: Link coloring with OCG OFF on input line 6088.
Package hyperref Info: PDF/A mode OFF on input line 6093.

(/usr/local/texlive/2024/texmf-dist/tex/latex/base/atbegshi-ltx.sty
Package: atbegshi-ltx 2021/01/10 v1.0c Emulation of the original atbegshi
package with kernel methods
)
\Hy@abspage=\count368
\c@Item=\count369
\c@Hfootnote=\count370
)
Package hyperref Info: Driver (autodetected): hxetex.

(/usr/local/texlive/2024/texmf-dist/tex/latex/hyperref/hxetex.def
File: hxetex.def 2024-01-20 v7.01h Hyperref driver for XeTeX

(/usr/local/texlive/2024/texmf-dist/tex/generic/stringenc/stringenc.sty
Package: stringenc 2019/11/29 v1.12 Convert strings between diff. encodings (HO
)
)
\pdfm@box=\box113
\c@Hy@AnnotLevel=\count371
\HyField@AnnotCount=\count372
\Fld@listcount=\count373
\c@bookmark@seq@number=\count374

(/usr/local/texlive/2024/texmf-dist/tex/latex/rerunfilecheck/rerunfilecheck.sty
Package: rerunfilecheck 2022-07-10 v1.10 Rerun checks for auxiliary files (HO)
(/usr/local/texlive/2024/texmf-dist/tex/latex/base/atveryend-ltx.sty
Package: atveryend-ltx 2020/08/19 v1.0a Emulation of the original atveryend pac
kage
with kernel methods
)
(/usr/local/texlive/2024/texmf-dist/tex/generic/uniquecounter/uniquecounter.sty
Package: uniquecounter 2019/12/15 v1.4 Provide unlimited unique counter (HO)
)
Package uniquecounter Info: New unique counter `rerunfilecheck' on input line 2
85.
)
\Hy@SectionHShift=\skip199
) (/usr/local/texlive/2024/texmf-dist/tex/latex/memoir/memhfixc.sty
Package: memhfixc 2023/09/10 v1.22 hyperref package fixes for memoir class
\c@memhycontfloat=\count375
\c@Hpagenote=\count376
)
(/usr/local/texlive/2024/texmf-dist/tex/latex/doclicense/doclicense.sty
Package: doclicense 2023/10/01 v3.3.0 Support for putting documents under a lic
ense

(/usr/local/texlive/2024/texmf-dist/tex/latex/xifthen/xifthen.sty
Package: xifthen 2015/11/05 v1.4.0 Extended ifthen features

(/usr/local/texlive/2024/texmf-dist/tex/latex/tools/calc.sty
Package: calc 2023/07/08 v4.3 Infix arithmetic (KKT,FJ)
\calc@Acount=\count377
\calc@Bcount=\count378
\calc@Adimen=\dimen286
\calc@Bdimen=\dimen287
\calc@Askip=\skip256
\calc@Bskip=\skip257
LaTeX Info: Redefining \setlength on input line 80.
LaTeX Info: Redefining \addtolength on input line 81.
\calc@Ccount=\count379
\calc@Cskip=\skip258
)
(/usr/local/texlive/2024/texmf-dist/tex/latex/base/ifthen.sty
Package: ifthen 2022/04/13 v1.1d Standard LaTeX ifthen package (DPC)
))
(/usr/local/texlive/2024/texmf-dist/tex/generic/xstring/xstring.sty
(/usr/local/texlive/2024/texmf-dist/tex/generic/xstring/xstring.tex
\xs_counta=\count380
\xs_countb=\count381
)
Package: xstring 2023/08/22 v1.86 String manipulations (CT)
)
(/usr/local/texlive/2024/texmf-dist/tex/latex/tools/xspace.sty
Package: xspace 2014/10/28 v1.13 Space after command names (DPC,MH)
)
(/usr/local/texlive/2024/texmf-dist/tex/latex/hyperxmp/hyperxmp.sty
Package: hyperxmp 2023/09/10 v5.12 Store hyperref metadata in XMP format
\hyxmp@aep@toks=\toks36
\@hyxmp@count=\count382

(/usr/local/texlive/2024/texmf-dist/tex/latex/oberdiek/ifdraft.sty
Package: ifdraft 2016/05/16 v1.4 Detect class options draft and final (HO)
)
(/usr/local/texlive/2024/texmf-dist/tex/generic/iftex/ifluatex.sty
Package: ifluatex 2019/10/25 v1.5 ifluatex legacy package. Use iftex instead.
))
\doclicense@hsize=\skip259

(/usr/local/texlive/2024/texmf-dist/tex/latex/doclicense/doclicense-english.ldf
File: doclicense-english.ldf 
)) (/usr/local/texlive/2024/texmf-dist/tex/latex/ccicons/ccicons.sty
Package: ccicons 2017/10/30 v1.6 LaTeX support for Creative Commons icons
)
(/usr/local/texlive/2024/texmf-dist/tex/latex/csquotes/csquotes.sty
Package: csquotes 2022-09-14 v5.2n context-sensitive quotations (JAW)
\csq@reset=\count383
\csq@gtype=\count384
\csq@glevel=\count385
\csq@qlevel=\count386
\csq@maxlvl=\count387
\csq@tshold=\count388
\csq@ltx@everypar=\toks37

(/usr/local/texlive/2024/texmf-dist/tex/latex/csquotes/csquotes.def
File: csquotes.def 2022-09-14 v5.2n csquotes generic definitions (JAW)
)
Package csquotes Info: Trying to load configuration file 'csquotes.cfg'...
Package csquotes Info: ... configuration file loaded successfully.

(/usr/local/texlive/2024/texmf-dist/tex/latex/csquotes/csquotes.cfg
File: csquotes.cfg 
))
(./main.aux (./chapter01-introduction.aux) (./chapter02-analysis.aux)
(./chapter03-documentstructure.aux) (./chapter04-formatting.aux)
(./chapter05-tablefigures.aux) (./chapter06-reference.aux)
(./chapter07-equation.aux))
\openout1 = `main.aux'.

LaTeX Font Info:    Checking defaults for OML/cmm/m/it on input line 88.
LaTeX Font Info:    ... okay on input line 88.
LaTeX Font Info:    Checking defaults for OMS/cmsy/m/n on input line 88.
LaTeX Font Info:    ... okay on input line 88.
LaTeX Font Info:    Checking defaults for OT1/cmr/m/n on input line 88.
LaTeX Font Info:    ... okay on input line 88.
LaTeX Font Info:    Checking defaults for T1/cmr/m/n on input line 88.
LaTeX Font Info:    ... okay on input line 88.
LaTeX Font Info:    Checking defaults for TS1/cmr/m/n on input line 88.
LaTeX Font Info:    Trying to load font information for TS1+cmr on input line 8
8.

(/usr/local/texlive/2024/texmf-dist/tex/latex/base/ts1cmr.fd
File: ts1cmr.fd 2023/04/13 v2.5m Standard LaTeX font definitions
)
LaTeX Font Info:    ... okay on input line 88.
LaTeX Font Info:    Checking defaults for TU/lmr/m/n on input line 88.
LaTeX Font Info:    ... okay on input line 88.
LaTeX Font Info:    Checking defaults for OMX/cmex/m/n on input line 88.
LaTeX Font Info:    ... okay on input line 88.
LaTeX Font Info:    Checking defaults for U/cmr/m/n on input line 88.
LaTeX Font Info:    ... okay on input line 88.
LaTeX Font Info:    Checking defaults for PD1/pdf/m/n on input line 88.
LaTeX Font Info:    ... okay on input line 88.
LaTeX Font Info:    Checking defaults for PU/pdf/m/n on input line 88.
LaTeX Font Info:    ... okay on input line 88.

Package fontspec Info: Adjusting the maths setup (use [no-math] to avoid
(fontspec)             this).

\symlegacymaths=\mathgroup6
LaTeX Font Info:    Overwriting symbol font `legacymaths' in version `bold'
(Font)                  OT1/cmr/m/n --> OT1/cmr/bx/n on input line 88.
LaTeX Font Info:    Redeclaring math accent \acute on input line 88.
LaTeX Font Info:    Redeclaring math accent \grave on input line 88.
LaTeX Font Info:    Redeclaring math accent \ddot on input line 88.
LaTeX Font Info:    Redeclaring math accent \tilde on input line 88.
LaTeX Font Info:    Redeclaring math accent \bar on input line 88.
LaTeX Font Info:    Redeclaring math accent \breve on input line 88.
LaTeX Font Info:    Redeclaring math accent \check on input line 88.
LaTeX Font Info:    Redeclaring math accent \hat on input line 88.
LaTeX Font Info:    Redeclaring math accent \dot on input line 88.
LaTeX Font Info:    Redeclaring math accent \mathring on input line 88.
LaTeX Font Info:    Redeclaring math symbol \Gamma on input line 88.
LaTeX Font Info:    Redeclaring math symbol \Delta on input line 88.
LaTeX Font Info:    Redeclaring math symbol \Theta on input line 88.
LaTeX Font Info:    Redeclaring math symbol \Lambda on input line 88.
LaTeX Font Info:    Redeclaring math symbol \Xi on input line 88.
LaTeX Font Info:    Redeclaring math symbol \Pi on input line 88.
LaTeX Font Info:    Redeclaring math symbol \Sigma on input line 88.
LaTeX Font Info:    Redeclaring math symbol \Upsilon on input line 88.
LaTeX Font Info:    Redeclaring math symbol \Phi on input line 88.
LaTeX Font Info:    Redeclaring math symbol \Psi on input line 88.
LaTeX Font Info:    Redeclaring math symbol \Omega on input line 88.
LaTeX Font Info:    Redeclaring math symbol \mathdollar on input line 88.
LaTeX Font Info:    Redeclaring symbol font `operators' on input line 88.
LaTeX Font Info:    Encoding `OT1' has changed to `TU' for symbol font
(Font)              `operators' in the math version `normal' on input line 88.
LaTeX Font Info:    Overwriting symbol font `operators' in version `normal'
(Font)                  OT1/cmr/m/n --> TU/TeXGyreTermes(0)/m/n on input line 8
8.
LaTeX Font Info:    Encoding `OT1' has changed to `TU' for symbol font
(Font)              `operators' in the math version `bold' on input line 88.
LaTeX Font Info:    Overwriting symbol font `operators' in version `bold'
(Font)                  OT1/cmr/bx/n --> TU/TeXGyreTermes(0)/m/n on input line 
88.
LaTeX Font Info:    Overwriting symbol font `operators' in version `normal'
(Font)                  TU/TeXGyreTermes(0)/m/n --> TU/TeXGyreTermes(0)/m/n on 
input line 88.
LaTeX Font Info:    Overwriting math alphabet `\mathit' in version `normal'
(Font)                  OT1/cmr/m/it --> TU/TeXGyreTermes(0)/m/it on input line
 88.
LaTeX Font Info:    Overwriting math alphabet `\mathbf' in version `normal'
(Font)                  OT1/cmr/bx/n --> TU/TeXGyreTermes(0)/b/n on input line 
88.
LaTeX Font Info:    Overwriting math alphabet `\mathsf' in version `normal'
(Font)                  OT1/cmss/m/n --> TU/TeXGyreHeros(0)/m/n on input line 8
8.
LaTeX Font Info:    Overwriting math alphabet `\mathtt' in version `normal'
(Font)                  OT1/cmtt/m/n --> TU/TeXGyreCursor(0)/m/n on input line 
88.
LaTeX Font Info:    Overwriting symbol font `operators' in version `bold'
(Font)                  TU/TeXGyreTermes(0)/m/n --> TU/TeXGyreTermes(0)/b/n on 
input line 88.
LaTeX Font Info:    Overwriting math alphabet `\mathit' in version `bold'
(Font)                  OT1/cmr/bx/it --> TU/TeXGyreTermes(0)/b/it on input lin
e 88.
LaTeX Font Info:    Overwriting math alphabet `\mathsf' in version `bold'
(Font)                  OT1/cmss/bx/n --> TU/TeXGyreHeros(0)/b/n on input line 
88.
LaTeX Font Info:    Overwriting math alphabet `\mathtt' in version `bold'
(Font)                  OT1/cmtt/m/n --> TU/TeXGyreCursor(0)/b/n on input line 
88.
\c@lstlisting=\count389
Package caption Info: Begin \AtBeginDocument code.
Package caption Info: hyperref package is loaded.
Package caption Info: End \AtBeginDocument code.
Package hyperref Info: Link coloring OFF on input line 88.
 (./main.out)
(./main.out)
\@outlinefile=\write4
\openout4 = `main.out'.

LaTeX Info: Redefining \rmfamily on input line 88.
LaTeX Info: Redefining \sffamily on input line 88.
LaTeX Info: Redefining \ttfamily on input line 88.
File: ./Figures/logo_ku_th.png Graphic file (type bmp)
<./Figures/logo_ku_th.png>
LaTeX Font Info:    Font shape `TU/Laksaman(0)/b/n' will be
(Font)              scaled to size 15.97665pt on input line 96.
LaTeX Font Info:    Font shape `TU/Laksaman(0)/b/n' will be
(Font)              scaled to size 11.09491pt on input line 104.
LaTeX Font Info:    Font shape `TU/Laksaman(0)/m/n' will be
(Font)              scaled to size 11.09491pt on input line 108.
LaTeX Font Info:    Trying to load font information for U+msa on input line 116
.
 (/usr/local/texlive/2024/texmf-dist/tex/latex/amsfonts/umsa.fd
File: umsa.fd 2013/01/14 v3.01 AMS symbols A
)
LaTeX Font Info:    Trying to load font information for U+msb on input line 116
.

(/usr/local/texlive/2024/texmf-dist/tex/latex/amsfonts/umsb.fd
File: umsb.fd 2013/01/14 v3.01 AMS symbols B
) [1

] [2

]
LaTeX Font Info:    Font shape `TU/Laksaman(0)/b/n' will be
(Font)              scaled to size 23.00345pt on input line 145.

(./main.toc
LaTeX Info: Redefining \rmfamily on input line 1.
LaTeX Info: Redefining \sffamily on input line 1.
LaTeX Info: Redefining \ttfamily on input line 1.
 [1

])
LaTeX Font Info:    Font shape `TU/TeXGyreTermes(0)/m/sl' in size <12> not avai
lable
(Font)              Font shape `TU/TeXGyreTermes(0)/m/it' tried instead on inpu
t line 145.
LaTeX Font Info:    Font shape `TU/Laksaman(0)/m/sl' in size <12> not available

(Font)              Font shape `TU/Laksaman(0)/m/it' tried instead on input lin
e 145.
LaTeX Font Info:    Font shape `TU/Laksaman(0)/m/it' will be
(Font)              scaled to size 11.09491pt on input line 145.


Class memoir Warning: The material used in the headers is too large
(14.6794pt) for the given head height (14.5pt), it is recommended to
either increase the head height or redesign the header
(in both cases you will find help in the memoir manual). on input line 145.

[2] (./main.lof
LaTeX Info: Redefining \rmfamily on input line 3.
LaTeX Info: Redefining \sffamily on input line 3.
LaTeX Info: Redefining \ttfamily on input line 3.
LaTeX Info: Redefining \rmfamily on input line 5.
LaTeX Info: Redefining \sffamily on input line 5.
LaTeX Info: Redefining \ttfamily on input line 5.
LaTeX Info: Redefining \rmfamily on input line 8.
LaTeX Info: Redefining \sffamily on input line 8.
LaTeX Info: Redefining \ttfamily on input line 8.
LaTeX Info: Redefining \rmfamily on input line 11.
LaTeX Info: Redefining \sffamily on input line 11.
LaTeX Info: Redefining \ttfamily on input line 11.
LaTeX Info: Redefining \rmfamily on input line 12.
LaTeX Info: Redefining \sffamily on input line 12.
LaTeX Info: Redefining \ttfamily on input line 12.
LaTeX Info: Redefining \rmfamily on input line 14.
LaTeX Info: Redefining \sffamily on input line 14.
LaTeX Info: Redefining \ttfamily on input line 14.
LaTeX Info: Redefining \rmfamily on input line 17.
LaTeX Info: Redefining \sffamily on input line 17.
LaTeX Info: Redefining \ttfamily on input line 17.
) [3

] (./main.lot
LaTeX Info: Redefining \rmfamily on input line 3.
LaTeX Info: Redefining \sffamily on input line 3.
LaTeX Info: Redefining \ttfamily on input line 3.
LaTeX Info: Redefining \rmfamily on input line 4.
LaTeX Info: Redefining \sffamily on input line 4.
LaTeX Info: Redefining \ttfamily on input line 4.
LaTeX Info: Redefining \rmfamily on input line 6.
LaTeX Info: Redefining \sffamily on input line 6.
LaTeX Info: Redefining \ttfamily on input line 6.
LaTeX Info: Redefining \rmfamily on input line 8.
LaTeX Info: Redefining \sffamily on input line 8.
LaTeX Info: Redefining \ttfamily on input line 8.
LaTeX Info: Redefining \rmfamily on input line 10.
LaTeX Info: Redefining \sffamily on input line 10.
LaTeX Info: Redefining \ttfamily on input line 10.
LaTeX Info: Redefining \rmfamily on input line 13.
LaTeX Info: Redefining \sffamily on input line 13.
LaTeX Info: Redefining \ttfamily on input line 13.
LaTeX Info: Redefining \rmfamily on input line 15.
LaTeX Info: Redefining \sffamily on input line 15.
LaTeX Info: Redefining \ttfamily on input line 15.
) [4

]
\openout2 = `chapter01-introduction.aux'.

 (./chapter01-introduction.tex
Underfull \hbox (badness 10000) in paragraph at lines 5--6
\TU/Laksaman(0)/m/n/12 ให้พนักงานขับรถยืนยันการเริ่มงานและจัดส่งน้ำมันตามที่ได้
รับมอบหมาย เมื่อพนักงาน
 []


Underfull \hbox (badness 4846) in paragraph at lines 5--6
\TU/Laksaman(0)/m/n/12 ขับรถไปถึงปลายทางจะต้องแจ้งในกลุ่ม \TU/TeXGyreTermes(0)/
m/n/12 LINE \TU/Laksaman(0)/m/n/12 เพื่อให้พนักงานจัดส่งติดตามสถานะและ
 []


Underfull \hbox (badness 10000) in paragraph at lines 5--6
\TU/Laksaman(0)/m/n/12 กลับถึงจุดหลัก พนักงานจัดส่งจะบันทึกปริมาณน้ำมันที่ส่งแล
ะที่เหลือ เพื่อคำนวณและ
 []


Underfull \hbox (badness 10000) in paragraph at lines 7--8
[]\TU/Laksaman(0)/m/n/12 อย่างไรก็ตามระบบการทำงานดังกล่าวมีข้อจำกัดหลายประการ โ
ดยเฉพาะขั้นตอน
 []


Underfull \hbox (badness 10000) in paragraph at lines 7--8
\TU/Laksaman(0)/m/n/12 การติดตามรถขนส่งที่ต้องใช้พนักงานจัดส่งคอยติดตามและกรอกข
้อมูลลงใน \TU/TeXGyreTermes(0)/m/n/12 Excel \TU/Laksaman(0)/m/n/12 อยู่
 []


Underfull \hbox (badness 10000) in paragraph at lines 9--10
[]\TU/Laksaman(0)/m/n/12 จากปัญหาที่กล่าวมาการพัฒนาระบบบริหารจัดการการขนส่งน้ำม
ันแบบอัตโนมัติ
 []


Underfull \hbox (badness 10000) in paragraph at lines 9--10
\TU/Laksaman(0)/m/n/12 จึงมีความสำคัญอย่างยิ่งเพื่อลดภาระงานของพนักงานจัดส่งในก
ารติดตามรถตลอดเวลา
 []


Underfull \hbox (badness 1142) in paragraph at lines 9--10
\TU/Laksaman(0)/m/n/12 และทำให้การสื่อสารระหว่างพนักงานเป็นระบบมากยิ่งขึ้น นอกจ
ากนี้ระบบยังช่วยจัดการ
 []


Underfull \hbox (badness 10000) in paragraph at lines 9--10
\TU/Laksaman(0)/m/n/12 ขนส่งได้อย่างละเอียดทำให้เกิดประโยชน์ทั้งกับพนักงานจัดส่
งที่ไม่ต้องคอยติดตามรถ
 []

[1



]
LaTeX Font Info:    Font shape `TU/Laksaman(0)/b/n' will be
(Font)              scaled to size 13.31387pt on input line 16.

Underfull \hbox (badness 10000) in paragraph at lines 32--33
\TU/Laksaman(0)/m/n/12 โครงงานนี้มีวัตถุประสงค์เพื่อพัฒนาระบบบริหารจัดการการขนส
่งแก๊สให้กับเครือ \TU/TeXGyreTermes(0)/m/n/12 PT
 []


Underfull \hbox (badness 10000) in paragraph at lines 32--33
\TU/Laksaman(0)/m/n/12 เพื่อสร้างระบบช่วยให้การขนส่งแก๊สที่มีการจัดส่งเป็นประจำ
เป็นไปได้อย่างสะดวกและมี
 []


Underfull \hbox (badness 10000) in paragraph at lines 32--33
\TU/Laksaman(0)/m/n/12 ประสิทธิภาพ โดยที่ระบบสามารถติดตามรถในแต่ละจุดได้โดยไม่จ
ำเป็นต้องใช้พนักงาน
 []


Underfull \hbox (badness 10000) in paragraph at lines 32--33
\TU/Laksaman(0)/m/n/12 ที่มีการจัดเก็บประวัติทำให้มีการตรวจสอบย้อนหลังได้\TU/Te
XGyreTermes(0)/m/n/12 , \TU/Laksaman(0)/m/n/12 ใช้ระบบในการติดตามตำแหน่ง
 []


Class memoir Warning: The material used in the headers is too large
(17.55298pt) for the given head height (14.5pt), it is recommended to
either increase the head height or redesign the header
(in both cases you will find help in the memoir manual). on input line 34.


Overfull \vbox (3.05298pt too high) has occurred while \output is active []


[2]
Underfull \hbox (badness 10000) in paragraph at lines 47--48
\TU/Laksaman(0)/m/n/12 ระบบบริหารจัดการการขนส่งแก๊ส โดยใช้ในการจัดการขนส่งแก๊สเ
ฉพาะในบริษัท โดย
 []


Underfull \hbox (badness 3019) in paragraph at lines 53--54
[]\TU/Laksaman(0)/m/n/12 สอบถามข้อมูลจากบริษัท ศึกษาระบบและสถานที่จัดส่งจริง พร
้อมทั้งวางแผนขั้น
 []


Class memoir Warning: The material used in the headers is too large
(18.30743pt) for the given head height (14.5pt), it is recommended to
either increase the head height or redesign the header
(in both cases you will find help in the memoir manual). on input line 55.


Overfull \vbox (3.80743pt too high) has occurred while \output is active []


[3])
Overfull \vbox (3.05298pt too high) has occurred while \output is active []


[4]
\openout2 = `chapter02-analysis.aux'.

 (./chapter02-analysis.tex [5




]
File: figure_business_process_old.pdf Graphic file (type pdf)
<use figure_business_process_old.pdf>

Overfull \vbox (3.31926pt too high) has occurred while \output is active []


[6]
Underfull \hbox (badness 10000) in paragraph at lines 20--21
[]\TU/Laksaman(0)/m/n/12 พนักงานขับรถต้องเตรียมความพร้อมก่อนที่จะทำการขนส่งแก๊ส
ตามข้อปฎิบัติของ
 []


Underfull \hbox (badness 10000) in paragraph at lines 23--24
[]\TU/Laksaman(0)/m/n/12 เมื่อพนักงานขับรถจัดส่งแก๊สตาที่ได้รับมอบหมายและพนักงา
นจัดส่งตรวจสอบแล้ว
 []


Underfull \hbox (badness 2035) in paragraph at lines 24--25
[]\TU/Laksaman(0)/m/n/12 พนักงานจัดส่งบันทึกประวัติการขนส่งลงในไฟล์ \TU/TeXGyre
Termes(0)/m/n/12 Excel \TU/Laksaman(0)/m/n/12 ว่าพนักงานขนส่งถึงแต่ละ
 []


Underfull \hbox (badness 10000) in paragraph at lines 25--26
[]\TU/Laksaman(0)/m/n/12 เมื่อพนักงานขนส่งขับรถถึงจุดหมายปลายทางลงแก๊สจะแจ้งอัป
เดทเจ้าหน้่าที่ขนส่ง
 []


Underfull \hbox (badness 10000) in paragraph at lines 27--28
[]\TU/Laksaman(0)/m/n/12 พนักงานจัดส่งบันทึกปริมาณแก๊สที่ส่ง และที่เหลือจากพนัก
งานขนส่ง ลงในไฟล์
 []


Underfull \hbox (badness 10000) in paragraph at lines 37--38
[]\TU/Laksaman(0)/m/n/12 พนักงานจัดส่งต้องหางานที่ได้รับมอบหมาย และเรียกดูข้อมู
ลภายหลังด้วยตัวเอง
 []

[7]
Underfull \hbox (badness 1024) in paragraph at lines 39--40
[]\TU/Laksaman(0)/m/n/12 พนักงานจัดส่งใช้เวลาในการติดตามสถานะของรถขนส่ง และต้อง
บันทึกข้อมูลเวลา
 []

File: figure_buisness_process_new.pdf Graphic file (type pdf)
<use figure_buisness_process_new.pdf>

LaTeX Warning: Float too large for page by 85.80534pt on input line 51.


LaTeX Warning: `!h' float specifier changed to `!ht'.


Underfull \hbox (badness 10000) in paragraph at lines 62--63
[]\TU/Laksaman(0)/m/n/12 พนักงานขับรถต้องเตรียมความพร้อมก่อนที่จะทำการขนส่งแก๊ส
ตามข้อปฎิบัติของ
 []


Underfull \hbox (badness 10000) in paragraph at lines 65--66
[]\TU/Laksaman(0)/m/n/12 ถ้ารถขนส่งเกิดล่าช้่ากว่ากำหนด พนักงานจัดส่งต้องแจ้งลู
กค้าให้รับทราบปัญหาที่
 []


Overfull \vbox (3.31926pt too high) has occurred while \output is active []


[8]
Underfull \hbox (badness 10000) in paragraph at lines 67--68
[]\TU/Laksaman(0)/m/n/12 ถ้าพนักงานจัดส่งตรวจสอบว่ารถถึงจุดหมายปลายทางแล้ว พนัก
งานขับรถจะบัน
 []


Package natbib Warning: Citation `step:condition_new_flow_4' on page 9 undefine
d on input line 74.

)
Overfull \vbox (3.05298pt too high) has occurred while \output is active []


[9]
Overfull \vbox (3.31926pt too high) has occurred while \output is active []


[10]
\openout2 = `chapter03-documentstructure.aux'.

 (./chapter03-documentstructure.tex
Underfull \hbox (badness 10000) in paragraph at lines 26--29
[]\TU/Laksaman(0)/m/n/12 โดยทั่วไป แฟ้มต้นฉบับจะประกอบด้วยสองส่วนหลัก คือ ส่วนก
่อนเริ่มต้นเอกสาร
 []

[11




]
Underfull \hbox (badness 10000) in paragraph at lines 33--35
[]\TU/Laksaman(0)/m/n/12 ส่วนก่อนเริ่มต้นเอกสารจะเป็นตัวกำหนดการตั้งค่าเอกสารที
่ไม่ขึ้นกับเนื้อหาเฉพาะจุด
 []


Underfull \hbox (badness 10000) in paragraph at lines 38--41
\TU/Laksaman(0)/m/n/12 หรือรูปแบบสำหรับการเรียงพิมพ์ คลาสมาตรฐานที่มีมาให้เมื่อ
ลงโปรแกรมได้แก่ \TU/TeXGyreTermes(0)/m/n/12 arti-
 []


Underfull \hbox (badness 3323) in paragraph at lines 38--41
\TU/TeXGyreTermes(0)/m/n/12 cle, report, plain \TU/Laksaman(0)/m/n/12 แต่วารสาร
และการประชุมวิชาการต่าง ๆ รวมถึงวิทยานิพนธ์ของ
 []


Underfull \hbox (badness 2865) in paragraph at lines 42--44
[]\TU/Laksaman(0)/m/n/12 รูปแบบการเรียงพิมพ์ เช่น การตั้งกั้นหน้า การขึ้นย่อหน้
า ขนาดตัวอักษร รูปแบบ
 []


Underfull \hbox (badness 10000) in paragraph at lines 51--53
[]\TU/Laksaman(0)/m/n/12 และหลังจากนั้น จึงเป็นเนื้อหาจริงๆ หากเป็นหนังสือหรือร
ายงานจะแบ่งเป็นบท
 []


Underfull \hbox (badness 1824) in paragraph at lines 51--53
\TU/TeXGyreTermes(0)/m/n/12 (chapter) \TU/Laksaman(0)/m/n/12 หากเป็นบทความวิจัย
 มักจะเริ่มต้นที่ตอน \TU/TeXGyreTermes(0)/m/n/12 (section) \TU/Laksaman(0)/m/n/
12 และแยกย่อยลงไปเป็น
 []


Underfull \hbox (badness 7981) in paragraph at lines 51--53
\TU/Laksaman(0)/m/n/12 ตอนย่อย \TU/TeXGyreTermes(0)/m/n/12 (subsection) \TU/Lak
saman(0)/m/n/12 และอาจะมีตอนย่อยลงไปอีก \TU/TeXGyreTermes(0)/m/n/12 (subsubsect
ion) \TU/Laksaman(0)/m/n/12 เราสามารถ
 []


Underfull \hbox (badness 2818) in paragraph at lines 51--53
\TU/Laksaman(0)/m/n/12 กำหนดข้อความต่างๆให้เป็นชื่อเรื่อง ชื่อผู้แต่ง ชื่อบท ชื
่อตอน ได้ โดยใช้ป้ายระบุแบบ
 []


Overfull \vbox (3.80743pt too high) has occurred while \output is active []


[12]
Underfull \hbox (badness 1337) in paragraph at lines 76--77
\TU/Laksaman(0)/m/n/12 และส่วนหลัง \TU/TeXGyreTermes(0)/m/n/12 (backmatter) \TU
/Laksaman(0)/m/n/12 การแบ่งเหล่านี้มักจะอำนวยความสะดวกในการนับเลขหน้า
 []


Overfull \vbox (3.80743pt too high) has occurred while \output is active []


[13])
Overfull \vbox (3.80743pt too high) has occurred while \output is active []


[14]
\openout2 = `chapter04-formatting.aux'.

 (./chapter04-formatting.tex
LaTeX Font Info:    Font shape `TU/Laksaman(0)/m/n' will be
(Font)              scaled to size 7.3966pt on input line 12.
LaTeX Font Info:    Font shape `TU/Laksaman(0)/m/n' will be
(Font)              scaled to size 8.32118pt on input line 13.
LaTeX Font Info:    Font shape `TU/Laksaman(0)/m/n' will be
(Font)              scaled to size 9.24576pt on input line 14.
LaTeX Font Info:    Font shape `TU/Laksaman(0)/m/n' will be
(Font)              scaled to size 10.1241pt on input line 15.
LaTeX Font Info:    Font shape `TU/Laksaman(0)/m/n' will be
(Font)              scaled to size 13.31387pt on input line 17.
LaTeX Font Info:    Font shape `TU/Laksaman(0)/m/n' will be
(Font)              scaled to size 15.97665pt on input line 18.
LaTeX Font Info:    Font shape `TU/Laksaman(0)/m/n' will be
(Font)              scaled to size 23.00345pt on input line 19.

Underfull \hbox (badness 2478) in paragraph at lines 26--28
\TU/Laksaman(0)/m/n/12 จุด การสร้างเอกสารโดย \TU/TeXGyreTermes(0)/m/n/12 L[]T[]
X \TU/Laksaman(0)/m/n/12 จะมีป้ายระบุเพื่อใช้กำหนดขนาดสัมพัทธ์กับขนาดปกติ
 []


Underfull \hbox (badness 10000) in paragraph at lines 26--28
\TU/Laksaman(0)/m/n/12 โดยใช้ป้ายระบุดังแสดงในตารางที่ []\TU/TeXGyreTermes(0)/m
/n/12 4.1[] \TU/Laksaman(0)/m/n/12 โดยที่ป้ายระบุเพื่อกำหนดขนาดตัวอักษรเหล่านี้

 []


Underfull \hbox (badness 10000) in paragraph at lines 26--28
\TU/Laksaman(0)/m/n/12 เป็นป้ายระบุแบบไม่ใช้ตัวแปร ซึ่งจะเรียงพิมพ์ด้วยคำสั่งนี
้ไปจนกว่าจะหมดขอบเขตของ
 []


Underfull \hbox (badness 10000) in paragraph at lines 26--28
\TU/Laksaman(0)/m/n/12 ข้อความ หากเราต้องการจำกัดขอบเขตของป้ายระบุสามารถทำได้โด
ยใส่วงเล็บปีกกา
 []


Underfull \hbox (badness 10000) in paragraph at lines 26--28
\TU/Laksaman(0)/m/n/12 ครอบทั้งป้ายระบุและข้อความเพื่อกำหนดขอบเขตบล็อกที่จะให้ป
้ายระบุนั้นมีผลในการ
 []

[15




]
LaTeX Font Info:    Font shape `TU/Laksaman(0)/b/it' will be
(Font)              scaled to size 11.09491pt on input line 45.

Underfull \hbox (badness 6559) in paragraph at lines 45--46
[]\TU/Laksaman(0)/b/n/12 การทำตัวหนา \TU/Laksaman(0)/m/it/12 ตัวเอียง $[]$ |   
[] \TU/TeXGyreTermes(0)/m/n/12 (\TU/Laksaman(0)/m/n/12 สำหรับขีดกลางต้องเรียกใช
้แพ็คเกจ
 []


Package fontspec Info: Font family 'TeXGyreHeros(1)' created for font 'TeX
(fontspec)             Gyre Heros' with options [Mapping=tex-text].
(fontspec)              
(fontspec)              This font family consists of the following NFSS
(fontspec)             series/shapes:
(fontspec)              
(fontspec)             - 'normal' (m/n) with NFSS spec.: <->"TeX Gyre
(fontspec)             Heros/OT:script=latn;language=dflt;mapping=tex-text;"
(fontspec)             - 'small caps'  (m/sc) with NFSS spec.: <->"TeX Gyre
(fontspec)             Heros/OT:script=latn;language=dflt;+smcp;mapping=tex-tex
t;"
(fontspec)             - 'bold' (b/n) with NFSS spec.: <->"TeX Gyre
(fontspec)             Heros/B/OT:script=latn;language=dflt;mapping=tex-text;"
(fontspec)             - 'bold small caps'  (b/sc) with NFSS spec.: <->"TeX
(fontspec)             Gyre
(fontspec)             Heros/B/OT:script=latn;language=dflt;+smcp;mapping=tex-t
ext;"
(fontspec)             - 'italic' (m/it) with NFSS spec.: <->"TeX Gyre
(fontspec)             Heros/I/OT:script=latn;language=dflt;mapping=tex-text;"
(fontspec)             - 'italic small caps'  (m/scit) with NFSS spec.:
(fontspec)             <->"TeX Gyre
(fontspec)             Heros/I/OT:script=latn;language=dflt;+smcp;mapping=tex-t
ext;"
(fontspec)             - 'bold italic' (b/it) with NFSS spec.: <->"TeX Gyre
(fontspec)             Heros/BI/OT:script=latn;language=dflt;mapping=tex-text;"

(fontspec)             - 'bold italic small caps'  (b/scit) with NFSS spec.:
(fontspec)             <->"TeX Gyre
(fontspec)             Heros/BI/OT:script=latn;language=dflt;+smcp;mapping=tex-
text;"


Package fontspec Info: Font family 'TeXGyreCursor(1)' created for font 'TeX
(fontspec)             Gyre Cursor' with options [Mapping=tex-text].
(fontspec)              
(fontspec)              This font family consists of the following NFSS
(fontspec)             series/shapes:
(fontspec)              
(fontspec)             - 'normal' (m/n) with NFSS spec.: <->"TeX Gyre
(fontspec)             Cursor/OT:script=latn;language=dflt;mapping=tex-text;"
(fontspec)             - 'small caps'  (m/sc) with NFSS spec.: <->"TeX Gyre
(fontspec)             Cursor/OT:script=latn;language=dflt;+smcp;mapping=tex-te
xt;"
(fontspec)             - 'bold' (b/n) with NFSS spec.: <->"TeX Gyre
(fontspec)             Cursor/B/OT:script=latn;language=dflt;mapping=tex-text;"

(fontspec)             - 'bold small caps'  (b/sc) with NFSS spec.: <->"TeX
(fontspec)             Gyre
(fontspec)             Cursor/B/OT:script=latn;language=dflt;+smcp;mapping=tex-
text;"
(fontspec)             - 'italic' (m/it) with NFSS spec.: <->"TeX Gyre
(fontspec)             Cursor/I/OT:script=latn;language=dflt;mapping=tex-text;"

(fontspec)             - 'italic small caps'  (m/scit) with NFSS spec.:
(fontspec)             <->"TeX Gyre
(fontspec)             Cursor/I/OT:script=latn;language=dflt;+smcp;mapping=tex-
text;"
(fontspec)             - 'bold italic' (b/it) with NFSS spec.: <->"TeX Gyre
(fontspec)             Cursor/BI/OT:script=latn;language=dflt;mapping=tex-text;
"
(fontspec)             - 'bold italic small caps'  (b/scit) with NFSS spec.:
(fontspec)             <->"TeX Gyre
(fontspec)             Cursor/BI/OT:script=latn;language=dflt;+smcp;mapping=tex
-text;"


Underfull \hbox (badness 1769) in paragraph at lines 47--51
[]\TU/Laksaman(0)/m/n/12 โดยปกติเอกสาร \TU/TeXGyreTermes(0)/m/n/12 L[]T[]X \TU/
Laksaman(0)/m/n/12 จะใช้ฟอนต์เดียวกันทั้งเอกสาร หากไม่ได้กำหนดฟอนต์เป็น
 []


Underfull \hbox (badness 1596) in paragraph at lines 47--51
\TU/Laksaman(0)/m/n/12 ฟอนต์จะใช้แพ็คเกจ \TU/TeXGyreTermes(0)/m/n/12 fontspec \
TU/Laksaman(0)/m/n/12 แล้วระบุตัวแปรเป็น \TU/TeXGyreTermes(0)/m/n/12 font \TU/L
aksaman(0)/m/n/12 ที่ต้องการ เช่น \TU/TeXGyreHeros(1)/m/n/12 TeX Gyre
 []


Overfull \vbox (3.05298pt too high) has occurred while \output is active []


[16]
Underfull \hbox (badness 5231) in paragraph at lines 84--85
[]\TU/Laksaman(0)/m/n/12 ปัญหาหนึ่งที่พบกับการใช้ \TU/TeXGyreTermes(0)/m/n/12 L
[]T[]X \TU/Laksaman(0)/m/n/12 ในภาษาไทยคือการตัดคำเพื่อจัดหน้าทำได้ไม่ดีนัก
 []


Underfull \hbox (badness 10000) in paragraph at lines 84--85
\TU/Laksaman(0)/m/n/12 บางกรณีอาจมีคำที่ล้นขอบขวาเนื่องจากโปรแกรมไม่สามารถตัดคำ
ได้ ปัญหานี้ยังไม่มีวิธี
 []


Underfull \hbox (badness 3646) in paragraph at lines 84--85
\TU/Laksaman(0)/m/n/12 การแก้ไขที่ถาวร ผู้ใช้จำเป็นต้องเลือกเว้นวรรคข้อความ หรื
อปรับเนื้อหาข้อความเองเพื่อ
 []


Overfull \vbox (3.80743pt too high) has occurred while \output is active []


[17

]
Underfull \hbox (badness 1005) in paragraph at lines 89--93
\TU/Laksaman(0)/m/n/12 การเคาะวรรค ย่อหน้า หรือขึ้นบรรทัดใหม่หนึ่งบรรทัดใน \TU/
TeXGyreTermes(0)/m/n/12 L[]T[]X  \TU/Laksaman(0)/m/n/12 นั้นมีผลเหมือนกันใน
 []


Underfull \hbox (badness 10000) in paragraph at lines 89--93
\TU/Laksaman(0)/m/n/12 ข้อความได้ง่ายเท่านั้น นอกจากนี้ การขึ้นบรรทัดใหม่บรรทัด
เดียวมักมีประโยชน์ในการ
 []


Underfull \hbox (badness 3019) in paragraph at lines 94--99
\TU/Laksaman(0)/m/n/12 รูปที่ ควรเคาะเพียงวรรคเดียวแล้วตามด้วยตัวเลข การบังคับใ
ห้เครื่องเว้นวรรคเดียวและ
 []


Underfull \hbox (badness 10000) in paragraph at lines 112--113
\TU/Laksaman(0)/m/n/12 เช่น   อยู่ห่างจากคำ
 []


Overfull \vbox (3.05298pt too high) has occurred while \output is active []


[18])
Overfull \vbox (3.80743pt too high) has occurred while \output is active []


[19]
\openout2 = `chapter05-tablefigures.aux'.

 (./chapter05-tablefigures.tex [20




]
File: Figures/Prakeaw-Pink.pdf Graphic file (type pdf)
<use Figures/Prakeaw-Pink.pdf>

Underfull \hbox (badness 10000) in paragraph at lines 12--13
[][][][][][][][][][]
 []

File: Figures/Prakeaw-Pink.pdf Graphic file (type pdf)
<use Figures/Prakeaw-Pink.pdf>

Overfull \hbox (2.0pt too wide) in paragraph at lines 9--22
[][] [] 
 []

File: Figures/Prakeaw-Pink.pdf Graphic file (type pdf)
<use Figures/Prakeaw-Pink.pdf>

Underfull \hbox (badness 10000) in paragraph at lines 26--27
[][][][][][][][][][][][]
 []

File: Figures/Prakeaw-Pink.pdf Graphic file (type pdf)
<use Figures/Prakeaw-Pink.pdf>

Overfull \hbox (2.0pt too wide) in paragraph at lines 23--38
[][] [][][] 
 []


Underfull \hbox (badness 10000) in paragraph at lines 42--43
[]\TU/Laksaman(0)/m/n/12 คำสั่ง \TU/TeXGyreTermes(0)/m/n/12 includegraphics \TU
/Laksaman(0)/m/n/12 มีตัวเลือกเพื่อปรับขนาดของภาพที่จะแทรกได้ด้วย ดัง
 []


Underfull \hbox (badness 10000) in paragraph at lines 42--43
\TU/Laksaman(0)/m/n/12 ให้โปรแกรมเรียงพิมพ์สามารถแยกแยะได้ว่าป้ายกำกับเหล่านี้เ
ป็นป้ายกำกับของรูปภาพ
 []

[21]
Underfull \hbox (badness 10000) in paragraph at lines 44--45
[]\TU/Laksaman(0)/m/n/12 ส่วนคำบรรยายภาพจะถูกกำหนดโดยป้ายระบุ [][][][][][] โดยม
ากแล้ว
 []


Underfull \hbox (badness 10000) in paragraph at lines 44--45
\TU/Laksaman(0)/m/n/12 วารสารต่างๆ มักให้พิมพ์ข้อความบรรยายภาพไว้ใต้ภาพ แต่หากต
้องการให้ข้อความ
 []


Underfull \hbox (badness 10000) in paragraph at lines 46--47
\TU/Laksaman(0)/m/n/12 จัดให้รูปอยู่กึ่งกลางหรือชิดขวาของพื้นที่ก็ใช้วิธีเช่นเด
ียวกับการจัดหน้าปกติ นอกจาก
 []


Underfull \hbox (badness 10000) in paragraph at lines 46--47
\TU/Laksaman(0)/m/n/12 นี้ หากต้องการใส่รูปย่อยหลายรูปในภาพเดียวกัน เราสามารถวา
งรูปด้วยป้ายระบุ \TU/TeXGyreTermes(0)/m/n/12 in-
 []


Underfull \hbox (badness 7308) in paragraph at lines 46--47
\TU/TeXGyreTermes(0)/m/n/12 cludegraphics \TU/Laksaman(0)/m/n/12 ต่อ ๆ กันไปได้
เลย แต่หากต้องการใส่คำอธิบายภาพแยกตามรูปย่อย
 []


Underfull \hbox (badness 10000) in paragraph at lines 48--49
[]\TU/Laksaman(0)/m/n/12 โปรแกรมเรียงพิมพ์จะจัดตำแหน่งของรูปภาพในเอกสารให้เอง ค
่าเริ่มต้นที่ตั้งมามัก
 []


Underfull \hbox (badness 10000) in paragraph at lines 48--49
\TU/Laksaman(0)/m/n/12 เป็นการจัดให้รูปภาพอยู่บนสุดของหน้ากระดาษ แต่หากต้องการก
ำหนดตำแหน่งของ
 []

File: Figures/Prakeaw-Black.pdf Graphic file (type pdf)
<use Figures/Prakeaw-Black.pdf>

Underfull \hbox (badness 10000) in paragraph at lines 57--58
[]\TU/Laksaman(0)/m/n/12 หากไม่ใช้ป้ายระบุ \TU/TeXGyreTermes(0)/m/n/12 figure \
TU/Laksaman(0)/m/n/12 ครอบรูปภาพ โปรแกรมจะเรียงพิมพ์รูปนั้นเสมือนเป็น
 []


Underfull \vbox (badness 10000) has occurred while \output is active []


Overfull \vbox (3.05298pt too high) has occurred while \output is active []


[22]
Underfull \hbox (badness 4792) in paragraph at lines 78--79
[]\TU/Laksaman(0)/m/n/12 วงเล็บปีกกาแรกถัดจาก \TU/TeXGyreTermes(0)/m/n/12 tabul
ar \TU/Laksaman(0)/m/n/12 คือจำนวนและการจัดหน้าของแต่ละคอลัมน์ จาก
 []


Underfull \hbox (badness 3039) in paragraph at lines 78--79
\TU/Laksaman(0)/m/n/12 คือข้อมูลในตาราง ข้อความแต่ละบรรทัดคือข้อความในแต่ละแถวข
องตาราง คั่นระหว่าง
 []

)
Underfull \hbox (badness 5105) in paragraph at lines 80--166
[]\TU/Laksaman(0)/m/n/12 ในทำนองเดียวกับรูปภาพ เรามักใช้ป้ายระบุ \TU/TeXGyreTer
mes(0)/m/n/12 table \TU/Laksaman(0)/m/n/12 แบบกำหนดขอบเขต เพื่อระบุ
 []


Overfull \vbox (3.80743pt too high) has occurred while \output is active []


[23]
\openout2 = `chapter06-reference.aux'.

 (./chapter06-reference.tex [24




]
Underfull \hbox (badness 3158) in paragraph at lines 7--8
\TU/Laksaman(0)/m/n/12 นั้นใช้ป้ายระบุ [][][][][][][][][][][][][][] เช่น หากกำห
นดป้ายกำกับที่นี่ [][][][][]
 []


Underfull \hbox (badness 2922) in paragraph at lines 7--8
[][][] \TU/Laksaman(0)/m/n/12 จะได้ []\TU/TeXGyreTermes(0)/m/n/12 25[] \TU/Laks
aman(0)/m/n/12 และหากป้ายกำกับอยู่ในขอบเขตของรูปภาพและตาราง การอ้างถึงก็จะได้
 []


Overfull \hbox (12.99997pt too wide) in paragraph at lines 21--21
[] \TU/TeXGyreCursor(1)/m/n/12 ee = {http://dx.doi.org/10.1007/978-3-642-15246-
7_69},[] 
 []


Underfull \hbox (badness 10000) in paragraph at lines 28--28
[] \TU/TeXGyreCursor(1)/m/n/12 title = {\TU/Laksaman(0)/m/n/12 การใช้ \TU/TeXGy
reCursor(1)/m/n/12 \LaTeX \TU/Laksaman(0)/m/n/12 สําหรับเรียงพิมพ์วิทยานิพนธ์ภา
ษาไทยและภาษา
 []


Underfull \hbox (badness 3646) in paragraph at lines 37--38
\TU/Laksaman(0)/m/n/12 ได้สะดวก หากดาวน์โหลดข้อมูลบรรณานุกรมจากเว็บของสำนักพิมพ
์ ทางสำนักพิมพ์มัก
 []


Underfull \hbox (badness 10000) in paragraph at lines 39--40
[]\TU/Laksaman(0)/m/n/12 ทั้งนี้ ควรตรวจแก้ไขสอบข้อมูลต่าง ๆ ให้ถูกต้องตามรูปแบ
บที่สิ่งพิมพ์แต่ละชนิด
 []

[25]
Underfull \hbox (badness 10000) in paragraph at lines 48--49
[]\TU/Laksaman(0)/m/n/12 และเขียนข้อมูลบรรณานุกรมของแต่ละเอกสารอ้างอิงให้ถูกต้อ
งรวมกับไว้ในแฟ้ม
 []


Underfull \hbox (badness 1454) in paragraph at lines 56--57
\TU/Laksaman(0)/m/n/12 จะมีการเรียก \TU/TeXGyreTermes(0)/m/n/12 BibT[]X \TU/Lak
saman(0)/m/n/12 ให้โดยอัตโนมัติ อย่างไรก็ตาม หากสั่งเรียงพิมพ์โดยตรง ต้องสั่ง
 []


Overfull \vbox (3.80743pt too high) has occurred while \output is active []


[26]
Underfull \hbox (badness 3803) in paragraph at lines 62--63
\TU/Laksaman(0)/m/n/12 และผลลัพธ์ที่ได้เป็นดังนี้ \TU/TeXGyreTermes(0)/m/n/12 [
[]] \TU/Laksaman(0)/m/n/12 และ [][][][][][][][][][] จะได้ผลลัพธ์เป็น
 []


Underfull \hbox (badness 10000) in paragraph at lines 74--75
[][]$[][][][] [] [] [] [][][] [] [][][] [] [][] [] [][] [] [][][][][][][][][][]
[][] [] [][][][] [] [][][][][][][] []
 []


Underfull \hbox (badness 10000) in paragraph at lines 78--79
[][]$[][][][] [] [] [] [][][] [] [][][] [] [][][] [] [][][][][][][][][][][][] [
] [][][][][][][] [] [][][] []
 []

)
Overfull \vbox (3.05298pt too high) has occurred while \output is active []


[27]
\openout2 = `chapter07-equation.aux'.

 (./chapter07-equation.tex [28




]
Underfull \hbox (badness 10000) in paragraph at lines 5--7
\TU/Laksaman(0)/m/n/12 จะสังเกตได้ว่าการเรียงพิมพ์ในสภาพแวดล้อมคณิตศาสตร์จะใช้ฟ
อนต์ที่ต่างไปจากการ
 []


Underfull \hbox (badness 10000) in paragraph at lines 18--20
[]\TU/Laksaman(0)/m/n/12 การเรียงพิมพ์สมการแยกบรรทัดนั้น โปรแกรมจะสร้างหมายเลขก
ำกับสมการให้โดย
 []


Underfull \hbox (badness 7362) in paragraph at lines 18--20
\TU/Laksaman(0)/m/n/12 ได้ตามต้องการ เมื่อต้องการเรียกใช้ก็เรียกใช้ป้ายกำกับนั้
นๆ โดยใช้ป้ายระบุ [][][][][]
 []


Underfull \vbox (badness 10000) has occurred while \output is active []

 [29])
Overfull \vbox (3.31926pt too high) has occurred while \output is active []


[30] (./main.bbl
Overfull \hbox (43.63596pt too wide) in paragraph at lines 12--20
[]\TU/Laksaman(0)/m/n/12 ฑิตยา หวานวารี\TU/TeXGyreTermes(0)/m/n/12 .  |   []   
|   []   |   []
 []


Underfull \hbox (badness 10000) in paragraph at lines 12--20
|   []\TU/TeXGyreTermes(0)/m/n/12 .  \TU/Laksaman(0)/m/n/12 ภาควิชาคณิตศาสตร์แล
ะ
 []

)

Class memoir Warning: The material used in the headers is too large
(18.30743pt) for the given head height (14.5pt), it is recommended to
either increase the head height or redesign the header
(in both cases you will find help in the memoir manual). on input line 173.


Package natbib Warning: There were undefined citations.

(/usr/local/texlive/2024/texmf-dist/tex/generic/stringenc/se-pdfdoc.def
File: se-pdfdoc.def 2019/11/29 v1.12 stringenc: PDFDocEncoding
)
(/usr/local/texlive/2024/texmf-dist/tex/generic/stringenc/se-utf32be.def
File: se-utf32be.def 2019/11/29 v1.12 stringenc: UTF-32BE
)
[31




]
\tf@toc=\write5
\openout5 = `main.toc'.

\tf@lof=\write6
\openout6 = `main.lof'.

\tf@lot=\write7
\openout7 = `main.lot'.

 (./main.aux (./chapter01-introduction.aux) (./chapter02-analysis.aux)
(./chapter03-documentstructure.aux) (./chapter04-formatting.aux)
(./chapter05-tablefigures.aux) (./chapter06-reference.aux)
(./chapter07-equation.aux))
 ***********
LaTeX2e <2023-11-01> patch level 1
L3 programming layer <2020/03/25>
 ***********
Package rerunfilecheck Info: File `main.out' has not changed.
(rerunfilecheck)             Checksum: 7243A37295ADEB2F6C0C74DB6A1799A2;7742.
 ) 
Here is how much of TeX's memory you used:
 23268 strings out of 474773
 441187 string characters out of 5757725
 1963839 words of memory out of 5000000
 44971 multiletter control sequences out of 15000+600000
 563812 words of font info for 135 fonts, out of 8000000 for 9000
 1348 hyphenation exceptions out of 8191
 85i,16n,131p,869b,32855s stack positions out of 10000i,1000n,20000p,200000b,200000s

Output written on main.pdf (37 pages).
