\BOOKMARK [0][-]{section*.1}{\376\377\016\052\016\062\016\043\016\032\016\061\016\015}{}% 1
\BOOKMARK [0][-]{section*.2}{\376\377\016\052\016\062\016\043\016\032\016\061\016\015\016\043\016\071\016\033}{}% 2
\BOOKMARK [0][-]{section*.3}{\376\377\016\052\016\062\016\043\016\032\016\061\016\015\016\025\016\062\016\043\016\062\016\007}{}% 3
\BOOKMARK [0][-]{chapter.1}{\376\377\016\032\016\027\016\031\016\063}{}% 4
\BOOKMARK [1][-]{section.1.1}{\376\377\016\027\016\065\016\110\016\041\016\062\016\101\016\045\016\060\016\004\016\047\016\062\016\041\016\052\016\063\016\004\016\061\016\015\016\002\016\055\016\007\016\033\016\061\016\015\016\053\016\062}{chapter.1}% 5
\BOOKMARK [1][-]{section.1.2}{\376\377\016\033\016\061\016\015\016\053\016\062\016\027\016\065\016\110\016\036\016\032}{chapter.1}% 6
\BOOKMARK [2][-]{subsection.1.2.1}{\376\377\016\036\016\031\016\061\016\001\016\007\016\062\016\031\016\010\016\061\016\024\016\052\016\110\016\007}{section.1.2}% 7
\BOOKMARK [2][-]{subsection.1.2.2}{\376\377\016\036\016\031\016\061\016\001\016\007\016\062\016\031\016\002\016\061\016\032\016\043\016\026}{section.1.2}% 8
\BOOKMARK [1][-]{section.1.3}{\376\377\016\047\016\061\016\025\016\026\016\070\016\033\016\043\016\060\016\052\016\007\016\004\016\114}{chapter.1}% 9
\BOOKMARK [1][-]{section.1.4}{\376\377\016\055\016\070\016\033\016\001\016\043\016\023\016\114\016\027\016\065\016\110\016\103\016\012\016\111}{chapter.1}% 10
\BOOKMARK [1][-]{section.1.5}{\376\377\016\002\016\055\016\032\016\100\016\002\016\025\016\002\016\055\016\007\016\001\016\062\016\043\016\027\016\063\016\007\016\062\016\031}{chapter.1}% 11
\BOOKMARK [1][-]{section.1.6}{\376\377\016\002\016\061\016\111\016\031\016\025\016\055\016\031\016\001\016\062\016\043\016\027\016\063\016\007\016\062\016\031}{chapter.1}% 12
\BOOKMARK [1][-]{section.1.7}{\376\377\016\033\016\043\016\060\016\102\016\042\016\012\016\031\016\114\016\027\016\065\016\110\016\004\016\062\016\024\016\047\016\110\016\062\016\010\016\060\016\104\016\024\016\111\016\043\016\061\016\032}{chapter.1}% 13
\BOOKMARK [0][-]{chapter.2}{\376\377\016\001\016\062\016\043\016\047\016\064\016\100\016\004\016\043\016\062\016\060\016\053\016\114\000\040\016\055\016\055\016\001\016\101\016\032\016\032\000\040\016\101\016\045\016\060\016\036\016\061\016\022\016\031\016\062\016\043\016\060\016\032\016\032}{}% 14
\BOOKMARK [1][-]{section.2.1}{\376\377\000B\000u\000i\000s\000n\000e\000s\000s\000\040\000P\000r\000o\000c\000e\000s\000s\000\040\016\100\016\024\016\064\016\041}{chapter.2}% 15
\BOOKMARK [2][-]{subsection.2.1.1}{\376\377\016\004\016\063\016\055\016\030\016\064\016\032\016\062\016\042\000\040\000B\000u\000i\000s\000n\000e\000s\000s\000\040\000P\000r\000o\000e\000s\000s\000\040\016\100\016\024\016\064\016\041}{section.2.1}% 16
\BOOKMARK [2][-]{subsection.2.1.2}{\376\377\016\033\016\061\016\015\016\053\016\062\016\002\016\055\016\007\000\040\000B\000u\000i\000s\000n\000e\000s\000s\000\040\000P\000r\000o\000c\000e\000s\000s\000\040\016\100\016\024\016\064\016\041}{section.2.1}% 17
\BOOKMARK [1][-]{section.2.2}{\376\377\000B\000u\000i\000s\000n\000e\000s\000s\000\040\000P\000r\000o\000c\000e\000s\000s\000\040\016\103\016\053\016\041\016\110}{chapter.2}% 18
\BOOKMARK [2][-]{subsection.2.2.1}{\376\377\016\004\016\063\016\055\016\030\016\064\016\032\016\062\016\042\000\040\000B\000u\000i\000s\000n\000e\000s\000s\000\040\000P\000r\000o\000c\000e\000s\000s\000\040\016\103\016\053\016\041\016\110}{section.2.2}% 19
\BOOKMARK [0][-]{chapter.3}{\376\377\016\102\016\004\016\043\016\007\016\052\016\043\016\111\016\062\016\007\016\100\016\055\016\001\016\052\016\062\016\043}{}% 20
\BOOKMARK [1][-]{section.3.1}{\376\377\016\102\016\004\016\043\016\007\016\052\016\043\016\111\016\062\016\007\016\002\016\055\016\007\016\101\016\037\016\111\016\041\016\025\016\111\016\031\016\011\016\032\016\061\016\032}{chapter.3}% 21
\BOOKMARK [1][-]{section.3.2}{\376\377\016\001\016\062\016\043\016\010\016\061\016\024\016\053\016\031\016\111\016\062\016\027\016\061\016\110\016\047\016\104\016\033}{chapter.3}% 22
\BOOKMARK [2][-]{subsection.3.2.1}{\376\377\016\001\016\062\016\043\016\103\016\012\016\111\016\043\016\071\016\033\016\101\016\032\016\032\016\100\016\055\016\001\016\052\016\062\016\043\016\025\016\110\016\062\016\007\000\040\016\106\000\040\016\027\016\065\016\110\016\001\016\063\016\053\016\031\016\024\016\104\016\047\016\111\016\101\016\045\016\111\016\047}{section.3.2}% 23
\BOOKMARK [1][-]{section.3.3}{\376\377\016\102\016\004\016\043\016\007\016\052\016\043\016\111\016\062\016\007\016\100\016\031\016\067\016\111\016\055\016\053\016\062\016\103\016\031\016\100\016\055\016\001\016\052\016\062\016\043}{chapter.3}% 24
\BOOKMARK [1][-]{section.3.4}{\376\377\016\102\016\004\016\043\016\007\016\052\016\043\016\111\016\062\016\007\016\100\016\031\016\067\016\111\016\055\016\053\016\062\016\103\016\031\016\100\016\055\016\001\016\052\016\062\016\043\000\040\000\050\016\025\016\110\016\055\000\051}{chapter.3}% 25
\BOOKMARK [2][-]{subsection.3.4.1}{\376\377\016\102\016\004\016\043\016\007\016\052\016\043\016\111\016\062\016\007\016\053\016\031\016\061\016\007\016\052\016\067\016\055}{section.3.4}% 26
\BOOKMARK [0][-]{chapter.4}{\376\377\016\001\016\062\016\043\016\010\016\061\016\024\016\043\016\071\016\033\016\101\016\032\016\032}{}% 27
\BOOKMARK [1][-]{section.4.1}{\376\377\016\002\016\031\016\062\016\024\016\101\016\045\016\060\016\043\016\071\016\033\016\101\016\032\016\032\016\025\016\061\016\047\016\055\016\061\016\001\016\051\016\043}{chapter.4}% 28
\BOOKMARK [1][-]{section.4.2}{\376\377\016\001\016\062\016\043\016\010\016\061\016\024\016\100\016\043\016\065\016\042\016\007\016\002\016\111\016\055\016\004\016\047\016\062\016\041}{chapter.4}% 29
\BOOKMARK [1][-]{section.4.3}{\376\377\016\012\016\110\016\055\016\007\016\047\016\110\016\062\016\007\016\101\016\032\016\032\016\025\016\110\016\062\016\007\016\106}{chapter.4}% 30
\BOOKMARK [1][-]{section.4.4}{\376\377\016\002\016\111\016\055\016\042\016\110\016\055\016\042}{chapter.4}% 31
\BOOKMARK [0][-]{chapter.5}{\376\377\016\001\016\062\016\043\016\101\016\027\016\043\016\001\016\043\016\071\016\033\016\040\016\062\016\036\016\101\016\045\016\060\016\025\016\062\016\043\016\062\016\007}{}% 32
\BOOKMARK [1][-]{section.5.1}{\376\377\016\001\016\062\016\043\016\101\016\027\016\043\016\001\016\043\016\071\016\033\016\040\016\062\016\036}{chapter.5}% 33
\BOOKMARK [1][-]{section.5.2}{\376\377\016\001\016\062\016\043\016\052\016\043\016\111\016\062\016\007\016\025\016\062\016\043\016\062\016\007}{chapter.5}% 34
\BOOKMARK [0][-]{chapter.6}{\376\377\016\001\016\062\016\043\016\055\016\111\016\062\016\007\016\055\016\064\016\007}{}% 35
\BOOKMARK [1][-]{section.6.1}{\376\377\016\001\016\062\016\043\016\055\016\111\016\062\016\007\016\055\016\064\016\007\016\040\016\062\016\042\016\103\016\031\016\100\016\055\016\001\016\052\016\062\016\043}{chapter.6}% 36
\BOOKMARK [1][-]{section.6.2}{\376\377\016\032\016\043\016\043\016\023\016\062\016\031\016\070\016\001\016\043\016\041}{chapter.6}% 37
\BOOKMARK [1][-]{section.6.3}{\376\377\016\100\016\055\016\001\016\052\016\062\016\043\016\052\016\063\016\053\016\043\016\061\016\032\016\055\016\110\016\062\016\031\016\100\016\036\016\064\016\110\016\041\016\100\016\025\016\064\016\041}{chapter.6}% 38
\BOOKMARK [0][-]{chapter.7}{\376\377\016\001\016\062\016\043\016\101\016\027\016\043\016\001\016\052\016\041\016\001\016\062\016\043\016\101\016\045\016\060\016\052\016\061\016\015\016\045\016\061\016\001\016\051\016\023\016\114\016\004\016\023\016\064\016\025\016\050\016\062\016\052\016\025\016\043\016\114}{}% 39
\BOOKMARK [0][-]{chapter*.12}{\376\377\016\032\016\043\016\043\016\023\016\062\016\031\016\070\016\001\016\043\016\041}{}% 40
